<?xml version="1.0" encoding="UTF-8"?>
<!-- Generated by org.testng.reporters.JUnitXMLReporter -->
<testsuite hostname="ULTP_284" name="ET Lost Username and Password" tests="1" failures="0" timestamp="19 Aug 2015 10:28:57 GMT" time="0.006" errors="0">
  <testcase name="@BeforeTest checkTestSkip" time="0.0" classname="com.suiteLogin.TestCase_ETLostUserIDPassword">
    <skipped/>
  </testcase> <!-- @BeforeTest checkTestSkip -->
  <testcase name="@AfterMethod DefaultResult" time="0.0" classname="com.suiteLogin.TestCase_ETLostUserIDPassword">
    <skipped/>
  </testcase> <!-- @AfterMethod DefaultResult -->
  <testcase name="TestCaseETLostUserIDPassword" time="0.0" classname="com.suiteLogin.TestCase_ETLostUserIDPassword">
    <skipped/>
  </testcase> <!-- TestCaseETLostUserIDPassword -->
</testsuite> <!-- ET Lost Username and Password -->
