<?xml version="1.0" encoding="UTF-8"?>
<!-- Generated by org.testng.reporters.JUnitXMLReporter -->
<testsuite hostname="ULTP_151" name="Precondition Test Case" tests="3" failures="0" timestamp="7 Nov 2013 11:46:03 GMT" time="0.007" errors="0">
  <testcase name="@BeforeTest checkTestSkip" time="0.0" classname="com.suiteLogin.TestCase_PreCondition">
    <skipped/>
  </testcase> <!-- @BeforeTest checkTestSkip -->
  <testcase name="@AfterMethod DefaultResutl" time="0.0" classname="com.suiteLogin.TestCase_PreCondition">
    <skipped/>
  </testcase> <!-- @AfterMethod DefaultResutl -->
  <testcase name="@AfterMethod DefaultResutl" time="0.0" classname="com.suiteLogin.TestCase_PreCondition">
    <skipped/>
  </testcase> <!-- @AfterMethod DefaultResutl -->
  <testcase name="@AfterMethod DefaultResutl" time="0.0" classname="com.suiteLogin.TestCase_PreCondition">
    <skipped/>
  </testcase> <!-- @AfterMethod DefaultResutl -->
  <testcase name="TestCaseCheckForCategoryName" time="0.0" classname="com.suiteLogin.TestCase_PreCondition">
    <skipped/>
  </testcase> <!-- TestCaseCheckForCategoryName -->
  <testcase name="TestCaseCheckForColumnsNameAdd" time="0.0" classname="com.suiteLogin.TestCase_PreCondition">
    <skipped/>
  </testcase> <!-- TestCaseCheckForColumnsNameAdd -->
  <testcase name="TestCaseCheckForQuestionsFolderName" time="0.0" classname="com.suiteLogin.TestCase_PreCondition">
    <skipped/>
  </testcase> <!-- TestCaseCheckForQuestionsFolderName -->
</testsuite> <!-- Precondition Test Case -->
