<?xml version="1.0" encoding="UTF-8"?>
<!-- Generated by org.testng.reporters.JUnitXMLReporter -->
<testsuite hostname="ULTP_284" name="Check user is able to move questions to another folder for bulk selected questions from question listing grid." tests="1" failures="0" timestamp="19 Aug 2015 10:29:25 GMT" time="0.0" errors="0">
  <testcase name="@BeforeTest checkTestSkip" time="0.0" classname="com.suiteQuestions.TestCase_BulkMoveToAnotherFolder">
    <skipped/>
  </testcase> <!-- @BeforeTest checkTestSkip -->
  <testcase name="@AfterMethod DefaultResult" time="0.0" classname="com.suiteQuestions.TestCase_BulkMoveToAnotherFolder">
    <skipped/>
  </testcase> <!-- @AfterMethod DefaultResult -->
  <testcase name="verifyBulkMoveToAnotherFolder" time="0.0" classname="com.suiteQuestions.TestCase_BulkMoveToAnotherFolder">
    <skipped/>
  </testcase> <!-- verifyBulkMoveToAnotherFolder -->
</testsuite> <!-- Check user is able to move questions to another folder for bulk selected questions from question listing grid. -->
