<?xml version="1.0" encoding="UTF-8"?>
<!-- Generated by org.testng.reporters.JUnitXMLReporter -->
<testsuite hostname="ULTP_284" name="Check Folder question count on LHS and RHS grids" tests="1" failures="0" timestamp="19 Aug 2015 10:29:25 GMT" time="0.002" errors="0">
  <testcase name="@BeforeTest checkTestSkip" time="0.0" classname="com.suiteQuestions.TestCase_FolderQuestionCount_LHS_RHS_Grid">
    <skipped/>
  </testcase> <!-- @BeforeTest checkTestSkip -->
  <testcase name="@AfterMethod DefaultResult" time="0.0" classname="com.suiteQuestions.TestCase_FolderQuestionCount_LHS_RHS_Grid">
    <skipped/>
  </testcase> <!-- @AfterMethod DefaultResult -->
  <testcase name="verifyFolderQuestionCount_LHS_RHS_Grid" time="0.0" classname="com.suiteQuestions.TestCase_FolderQuestionCount_LHS_RHS_Grid">
    <skipped/>
  </testcase> <!-- verifyFolderQuestionCount_LHS_RHS_Grid -->
</testsuite> <!-- Check Folder question count on LHS and RHS grids -->
