<?xml version="1.0" encoding="UTF-8"?>
<!-- Generated by org.testng.reporters.JUnitXMLReporter -->
<testsuite hostname="ULTP_284" name="Verify Import Tab Seperated format Test Case" tests="1" failures="0" timestamp="19 Aug 2015 10:29:24 GMT" time="0.0" errors="0">
  <testcase name="@BeforeTest checkTestSkip" time="0.0" classname="com.suiteQuestions.TestCase_ImportQuestionsTabSeperated">
    <skipped/>
  </testcase> <!-- @BeforeTest checkTestSkip -->
  <testcase name="@AfterMethod DefaultResult" time="0.0" classname="com.suiteQuestions.TestCase_ImportQuestionsTabSeperated">
    <skipped/>
  </testcase> <!-- @AfterMethod DefaultResult -->
  <testcase name="verifyImportQuestionsTabSeperatedTest" time="0.0" classname="com.suiteQuestions.TestCase_ImportQuestionsTabSeperated">
    <skipped/>
  </testcase> <!-- verifyImportQuestionsTabSeperatedTest -->
</testsuite> <!-- Verify Import Tab Seperated format Test Case -->
