<?xml version="1.0" encoding="UTF-8"?>
<!-- Generated by org.testng.reporters.JUnitXMLReporter -->
<testsuite hostname="ULTP_284" name="Verify user is able to export grid results to excel and CSV files." tests="1" failures="0" timestamp="19 Aug 2015 10:29:25 GMT" time="0.0" errors="0">
  <testcase name="@BeforeTest checkTestSkip" time="0.0" classname="com.suiteQuestions.TestCase_ExportResults_Excel_CSV">
    <skipped/>
  </testcase> <!-- @BeforeTest checkTestSkip -->
  <testcase name="@AfterMethod DefaultResult" time="0.0" classname="com.suiteQuestions.TestCase_ExportResults_Excel_CSV">
    <skipped/>
  </testcase> <!-- @AfterMethod DefaultResult -->
  <testcase name="verifyExportResults_Excel_CSV" time="0.0" classname="com.suiteQuestions.TestCase_ExportResults_Excel_CSV">
    <skipped/>
  </testcase> <!-- verifyExportResults_Excel_CSV -->
</testsuite> <!-- Verify user is able to export grid results to excel and CSV files. -->
