<?xml version="1.0" encoding="UTF-8"?>
<!-- Generated by org.testng.reporters.JUnitXMLReporter -->
<testsuite hostname="ULTP_284" name="Verify &#039;Community&#039; and &#039;Help Guide&#039; links are appearing and their corressponding popups are opening or not." tests="1" failures="0" timestamp="19 Aug 2015 10:29:25 GMT" time="0.001" errors="0">
  <testcase name="@BeforeTest checkTestSkip" time="0.0" classname="com.suiteQuestions.TestCase_Community_HelpGuide_Links">
    <skipped/>
  </testcase> <!-- @BeforeTest checkTestSkip -->
  <testcase name="@AfterMethod DefaultResult" time="0.0" classname="com.suiteQuestions.TestCase_Community_HelpGuide_Links">
    <skipped/>
  </testcase> <!-- @AfterMethod DefaultResult -->
  <testcase name="verifyCommunity_HelpGuide_Links" time="0.0" classname="com.suiteQuestions.TestCase_Community_HelpGuide_Links">
    <skipped/>
  </testcase> <!-- verifyCommunity_HelpGuide_Links -->
</testsuite> <!-- Verify 'Community' and 'Help Guide' links are appearing and their corressponding popups are opening or not. -->
