<?xml version="1.0" encoding="UTF-8"?>
<!-- Generated by org.testng.reporters.JUnitXMLReporter -->
<testsuite hostname="ULTP_151" name="Verify Delete Draft Folder Test Case" tests="1" failures="0" timestamp="7 Nov 2013 11:46:04 GMT" time="0.021" errors="0">
  <testcase name="@BeforeTest checkTestSkip" time="0.0" classname="com.suiteQuestions.TestCase_DeleteQSInDraft">
    <skipped/>
  </testcase> <!-- @BeforeTest checkTestSkip -->
  <testcase name="@AfterMethod DefaultResutl" time="0.0" classname="com.suiteQuestions.TestCase_DeleteQSInDraft">
    <skipped/>
  </testcase> <!-- @AfterMethod DefaultResutl -->
  <testcase name="verifyDeleteQSInDraftTest" time="0.0" classname="com.suiteQuestions.TestCase_DeleteQSInDraft">
    <skipped/>
  </testcase> <!-- verifyDeleteQSInDraftTest -->
</testsuite> <!-- Verify Delete Draft Folder Test Case -->
