<?xml version="1.0" encoding="UTF-8"?>
<!-- Generated by org.testng.reporters.JUnitXMLReporter -->
<testsuite hostname="ULTP_284" name="Create New Rubrics Folder" tests="1" failures="0" timestamp="19 Aug 2015 10:29:25 GMT" time="0.001" errors="0">
  <testcase name="@BeforeTest checkTestSkip" time="0.0" classname="com.suiteRubrics.TestCase_CreateNewRubricsFolder">
    <skipped/>
  </testcase> <!-- @BeforeTest checkTestSkip -->
  <testcase name="@AfterMethod DefaultResult" time="0.0" classname="com.suiteRubrics.TestCase_CreateNewRubricsFolder">
    <skipped/>
  </testcase> <!-- @AfterMethod DefaultResult -->
  <testcase name="VerifyCreateNewRubricsFolder" time="0.0" classname="com.suiteRubrics.TestCase_CreateNewRubricsFolder">
    <skipped/>
  </testcase> <!-- VerifyCreateNewRubricsFolder -->
</testsuite> <!-- Create New Rubrics Folder -->
