<?xml version="1.0" encoding="UTF-8"?>
<!-- Generated by org.testng.reporters.JUnitXMLReporter -->
<testsuite hostname="ULTP_284" name="Create Points Based Rubric" tests="1" failures="0" timestamp="19 Aug 2015 10:29:25 GMT" time="0.001" errors="0">
  <testcase name="@BeforeTest checkTestSkip" time="0.0" classname="com.suiteRubrics.TestCase_CreatePointBasedRubric">
    <skipped/>
  </testcase> <!-- @BeforeTest checkTestSkip -->
  <testcase name="@AfterMethod DefaultResult" time="0.0" classname="com.suiteRubrics.TestCase_CreatePointBasedRubric">
    <skipped/>
  </testcase> <!-- @AfterMethod DefaultResult -->
  <testcase name="VerifyCreatePointBasedRubric" time="0.0" classname="com.suiteRubrics.TestCase_CreatePointBasedRubric">
    <skipped/>
  </testcase> <!-- VerifyCreatePointBasedRubric -->
</testsuite> <!-- Create Points Based Rubric -->
