<?xml version="1.0" encoding="UTF-8"?>
<!-- Generated by org.testng.reporters.JUnitXMLReporter -->
<testsuite hostname="ULTP_284" name="Retire posting" tests="1" failures="0" timestamp="19 Aug 2015 10:29:25 GMT" time="0.001" errors="0">
  <testcase name="@BeforeTest checkTestSkip" time="0.0" classname="com.SuiteAssessments.TestCase_Retireposting">
    <skipped/>
  </testcase> <!-- @BeforeTest checkTestSkip -->
  <testcase name="@AfterMethod DefaultResult" time="0.0" classname="com.SuiteAssessments.TestCase_Retireposting">
    <skipped/>
  </testcase> <!-- @AfterMethod DefaultResult -->
  <testcase name="PostAssessment" time="0.0" classname="com.SuiteAssessments.TestCase_Retireposting">
    <skipped/>
  </testcase> <!-- PostAssessment -->
</testsuite> <!-- Retire posting -->
