<?xml version="1.0" encoding="UTF-8"?>
<!-- Generated by org.testng.reporters.JUnitXMLReporter -->
<testsuite hostname="ULTP_151" name="Clean Up Test Case" tests="1" failures="1" timestamp="7 Nov 2013 11:47:45 GMT" time="100.961" errors="0">
  <testcase name="CleanUpTest" time="79.757" classname="com.suiteLogout.TestCase_CleanUp">
    <failure type="java.lang.AssertionError" message="timeout : CAT_DeleteResource expected [true] but found [false]">
      <![CDATA[java.lang.AssertionError: timeout : CAT_DeleteResource expected [true] but found [false]
	at Base.TestBase.getObjectxpathNew(TestBase.java:224)
	at Util.CategoryUtil.DeleteCategory(CategoryUtil.java:144)
	at com.suiteLogout.TestCase_CleanUp.CleanUpTest(TestCase_CleanUp.java:67)
... Removed 28 stack frames]]>
    </failure>
  </testcase> <!-- CleanUpTest -->
</testsuite> <!-- Clean Up Test Case -->
