<?xml version="1.0" encoding="UTF-8"?>
<!-- Generated by org.testng.reporters.JUnitXMLReporter -->
<testsuite hostname="ULTP_284" name="ExportCourseData" tests="1" failures="0" timestamp="19 Aug 2015 10:29:25 GMT" time="0.001" errors="0">
  <testcase name="@BeforeSuite checkSuiteSkip" time="0.0" classname="com.SuiteCourses.TestCase_ExportCourseData">
    <skipped/>
  </testcase> <!-- @BeforeSuite checkSuiteSkip -->
  <testcase name="@BeforeTest checkTestSkip" time="0.0" classname="com.SuiteCourses.TestCase_ExportCourseData">
    <skipped/>
  </testcase> <!-- @BeforeTest checkTestSkip -->
  <testcase name="@AfterMethod DefaultResult" time="0.0" classname="com.SuiteCourses.TestCase_ExportCourseData">
    <skipped/>
  </testcase> <!-- @AfterMethod DefaultResult -->
  <testcase name="ExportCourseData" time="0.0" classname="com.SuiteCourses.TestCase_ExportCourseData">
    <skipped/>
  </testcase> <!-- ExportCourseData -->
</testsuite> <!-- ExportCourseData -->
