<?xml version="1.0" encoding="UTF-8"?>
<!-- Generated by org.testng.reporters.JUnitXMLReporter -->
<testsuite hostname="ULTP_284" name="ExamTaker-AdvanceSearchExamTaker" tests="1" failures="0" timestamp="19 Aug 2015 10:29:25 GMT" time="0.001" errors="0">
  <testcase name="@BeforeSuite checkSuiteSkip" time="0.0" classname="com.SuiteExamTaker.TestCase_AdvanceSearchExamTaker">
    <skipped/>
  </testcase> <!-- @BeforeSuite checkSuiteSkip -->
  <testcase name="@BeforeTest checkTestSkip" time="0.0" classname="com.SuiteExamTaker.TestCase_AdvanceSearchExamTaker">
    <skipped/>
  </testcase> <!-- @BeforeTest checkTestSkip -->
  <testcase name="@AfterMethod DefaultResult" time="0.0" classname="com.SuiteExamTaker.TestCase_AdvanceSearchExamTaker">
    <skipped/>
  </testcase> <!-- @AfterMethod DefaultResult -->
  <testcase name="AdvanceSearchET" time="0.0" classname="com.SuiteExamTaker.TestCase_AdvanceSearchExamTaker">
    <skipped/>
  </testcase> <!-- AdvanceSearchET -->
</testsuite> <!-- ExamTaker-AdvanceSearchExamTaker -->
