<?xml version="1.0" encoding="UTF-8"?>
<!-- Generated by org.testng.reporters.JUnitXMLReporter -->
<testsuite hostname="ULTP_284" name="Check Training Video" tests="1" failures="0" timestamp="19 Aug 2015 10:29:24 GMT" time="0.002" errors="0">
  <testcase name="@BeforeSuite checkSuiteSkip" time="0.0" classname="com.SuiteCommon.TestSuiteBase">
    <skipped/>
  </testcase> <!-- @BeforeSuite checkSuiteSkip -->
  <testcase name="@BeforeTest checkTestSkip" time="0.0" classname="com.SuiteCommon.TestCase_CheckTrainingVideo">
    <skipped/>
  </testcase> <!-- @BeforeTest checkTestSkip -->
  <testcase name="@AfterMethod DefaultResult" time="0.0" classname="com.SuiteCommon.TestCase_CheckTrainingVideo">
    <skipped/>
  </testcase> <!-- @AfterMethod DefaultResult -->
  <testcase name="CheckTrainingVideo" time="0.001" classname="com.SuiteCommon.TestCase_CheckTrainingVideo">
    <skipped/>
  </testcase> <!-- CheckTrainingVideo -->
</testsuite> <!-- Check Training Video -->
