<?xml version="1.0" encoding="UTF-8"?>
<!-- Generated by org.testng.reporters.JUnitXMLReporter -->
<testsuite hostname="ULTP_151" name="Check Examsoft University" tests="1" failures="0" timestamp="7 Nov 2013 11:46:03 GMT" time="0.002" errors="0">
  <testcase name="@BeforeSuite checkSuiteSkip" time="0.0" classname="com.CommonSuite.TestCase_CheckExamsoftUniversity">
    <skipped/>
  </testcase> <!-- @BeforeSuite checkSuiteSkip -->
  <testcase name="@BeforeTest checkTestSkip" time="0.0" classname="com.CommonSuite.TestCase_CheckExamsoftUniversity">
    <skipped/>
  </testcase> <!-- @BeforeTest checkTestSkip -->
  <testcase name="@AfterMethod DefaultResutl" time="0.0" classname="com.CommonSuite.TestCase_CheckExamsoftUniversity">
    <skipped/>
  </testcase> <!-- @AfterMethod DefaultResutl -->
  <testcase name="CheckExamsoftUniversity" time="0.0" classname="com.CommonSuite.TestCase_CheckExamsoftUniversity">
    <skipped/>
  </testcase> <!-- CheckExamsoftUniversity -->
</testsuite> <!-- Check Examsoft University -->
