<?xml version="1.0" encoding="UTF-8"?>
<!-- Generated by org.testng.reporters.JUnitXMLReporter -->
<testsuite hostname="ULTP_284" name="Check Categories Tab" tests="1" failures="0" timestamp="19 Aug 2015 10:29:24 GMT" time="0.001" errors="0">
  <testcase name="@BeforeTest checkTestSkip" time="0.0" classname="com.SuiteCommon.TestCase_CheckCategories">
    <skipped/>
  </testcase> <!-- @BeforeTest checkTestSkip -->
  <testcase name="@AfterMethod DefaultResult" time="0.0" classname="com.SuiteCommon.TestCase_CheckCategories">
    <skipped/>
  </testcase> <!-- @AfterMethod DefaultResult -->
  <testcase name="CheckCategoriesTab" time="0.0" classname="com.SuiteCommon.TestCase_CheckCategories">
    <skipped/>
  </testcase> <!-- CheckCategoriesTab -->
</testsuite> <!-- Check Categories Tab -->
