<?xml version="1.0" encoding="UTF-8"?>
<testng-results skipped="108" failed="0" total="115" passed="7">
  <reporter-output>
  </reporter-output>
  <suite name="Login" duration-ms="27284" started-at="2015-08-19T10:28:57Z" finished-at="2015-08-19T10:29:24Z">
    <groups>
    </groups>
    <test name="Check Runmode of Suite" duration-ms="5" started-at="2015-08-19T10:28:57Z" finished-at="2015-08-19T10:28:57Z">
    </test> <!-- Check Runmode of Suite -->
    <test name="ET Lost Username and Password" duration-ms="6" started-at="2015-08-19T10:28:57Z" finished-at="2015-08-19T10:28:57Z">
      <class name="com.suiteLogin.TestCase_ETLostUserIDPassword">
        <test-method status="SKIP" signature="checkTestSkip()[pri:0, instance:com.suiteLogin.TestCase_ETLostUserIDPassword@17e581f9]" name="checkTestSkip" is-config="true" duration-ms="0" started-at="2015-08-19T15:58:57Z" finished-at="2015-08-19T15:58:57Z">
          <exception class="org.testng.SkipException">
            <message>
              <![CDATA[Runmode of 'TestCase_ETLostUserIDPassword' is set to 'NO', hence Skipping it!]]>
            </message>
            <full-stacktrace>
              <![CDATA[org.testng.SkipException: Runmode of 'TestCase_ETLostUserIDPassword' is set to 'NO', hence Skipping it!
	at Util.TestUtil.checkTestSkip(TestUtil.java:157)
	at com.suiteLogin.TestCase_ETLostUserIDPassword.checkTestSkip(TestCase_ETLostUserIDPassword.java:20)
	at sun.reflect.NativeMethodAccessorImpl.invoke0(Native Method)
	at sun.reflect.NativeMethodAccessorImpl.invoke(Unknown Source)
	at sun.reflect.DelegatingMethodAccessorImpl.invoke(Unknown Source)
	at java.lang.reflect.Method.invoke(Unknown Source)
	at org.testng.internal.MethodInvocationHelper.invokeMethod(MethodInvocationHelper.java:84)
	at org.testng.internal.Invoker.invokeConfigurationMethod(Invoker.java:564)
	at org.testng.internal.Invoker.invokeConfigurations(Invoker.java:213)
	at org.testng.internal.Invoker.invokeConfigurations(Invoker.java:138)
	at org.testng.TestRunner.beforeRun(TestRunner.java:641)
	at org.testng.TestRunner.run(TestRunner.java:609)
	at org.testng.SuiteRunner.runTest(SuiteRunner.java:334)
	at org.testng.SuiteRunner.runSequentially(SuiteRunner.java:329)
	at org.testng.SuiteRunner.privateRun(SuiteRunner.java:291)
	at org.testng.SuiteRunner.run(SuiteRunner.java:240)
	at org.testng.SuiteRunnerWorker.runSuite(SuiteRunnerWorker.java:52)
	at org.testng.SuiteRunnerWorker.run(SuiteRunnerWorker.java:86)
	at org.testng.TestNG.runSuitesSequentially(TestNG.java:1224)
	at org.testng.TestNG.runSuitesSequentially(TestNG.java:1220)
	at org.testng.TestNG.runSuitesLocally(TestNG.java:1149)
	at org.testng.TestNG.run(TestNG.java:1057)
	at org.testng.TestNG.privateMain(TestNG.java:1364)
	at org.testng.TestNG.main(TestNG.java:1333)
]]>
            </full-stacktrace>
          </exception> <!-- org.testng.SkipException -->
          <reporter-output>
          </reporter-output>
        </test-method> <!-- checkTestSkip -->
        <test-method status="SKIP" signature="DefaultResult(org.testng.ITestResult)[pri:0, instance:com.suiteLogin.TestCase_ETLostUserIDPassword@17e581f9]" name="DefaultResult" is-config="true" duration-ms="0" started-at="2015-08-19T15:58:57Z" finished-at="2015-08-19T15:58:57Z">
          <reporter-output>
          </reporter-output>
        </test-method> <!-- DefaultResult -->
        <test-method status="SKIP" signature="TestCaseETLostUserIDPassword()[pri:0, instance:com.suiteLogin.TestCase_ETLostUserIDPassword@17e581f9]" name="TestCaseETLostUserIDPassword" duration-ms="0" started-at="2015-08-19T15:58:57Z" finished-at="2015-08-19T15:58:57Z">
          <reporter-output>
          </reporter-output>
        </test-method> <!-- TestCaseETLostUserIDPassword -->
      </class> <!-- com.suiteLogin.TestCase_ETLostUserIDPassword -->
    </test> <!-- ET Lost Username and Password -->
    <test name="Login Test Case" duration-ms="27252" started-at="2015-08-19T10:28:57Z" finished-at="2015-08-19T10:29:24Z">
      <class name="com.suiteLogin.TestSuiteBase">
        <test-method status="PASS" signature="checkSuiteSkip()[pri:0, instance:com.suiteLogin.TestSuiteBase@2d298123]" name="checkSuiteSkip" is-config="true" duration-ms="1193" started-at="2015-08-19T15:58:56Z" finished-at="2015-08-19T15:58:57Z">
          <reporter-output>
          </reporter-output>
        </test-method> <!-- checkSuiteSkip -->
      </class> <!-- com.suiteLogin.TestSuiteBase -->
      <class name="com.suiteLogin.TestCase_Login">
        <test-method status="PASS" signature="checkTestSkip()[pri:0, instance:com.suiteLogin.TestCase_Login@19f70605]" name="checkTestSkip" is-config="true" duration-ms="1" started-at="2015-08-19T15:58:57Z" finished-at="2015-08-19T15:58:57Z">
          <reporter-output>
          </reporter-output>
        </test-method> <!-- checkTestSkip -->
        <test-method status="PASS" signature="TestCaseLogin()[pri:0, instance:com.suiteLogin.TestCase_Login@19f70605]" name="TestCaseLogin" duration-ms="27250" started-at="2015-08-19T15:58:57Z" finished-at="2015-08-19T15:59:24Z">
          <reporter-output>
          </reporter-output>
        </test-method> <!-- TestCaseLogin -->
        <test-method status="PASS" signature="DefaultResult(org.testng.ITestResult)[pri:0, instance:com.suiteLogin.TestCase_Login@19f70605]" name="DefaultResult" is-config="true" duration-ms="1" started-at="2015-08-19T15:59:24Z" finished-at="2015-08-19T15:59:24Z">
          <params>
            <param index="0">
              <value>
                <![CDATA[[TestResult name=TestCaseLogin status=SUCCESS method=TestCase_Login.TestCaseLogin()[pri:0, instance:com.suiteLogin.TestCase_Login@19f70605] output={null}]]]>
              </value>
            </param>
          </params>
          <reporter-output>
          </reporter-output>
        </test-method> <!-- DefaultResult -->
      </class> <!-- com.suiteLogin.TestCase_Login -->
    </test> <!-- Login Test Case -->
  </suite> <!-- Login -->
  <suite name="Users Test Cases" duration-ms="19" started-at="2015-08-19T10:29:25Z" finished-at="2015-08-19T10:29:25Z">
    <groups>
    </groups>
    <test name="Check Runmode of Suite" duration-ms="1" started-at="2015-08-19T10:29:25Z" finished-at="2015-08-19T10:29:25Z">
    </test> <!-- Check Runmode of Suite -->
    <test name="Create New User" duration-ms="0" started-at="2015-08-19T10:29:25Z" finished-at="2015-08-19T10:29:25Z">
      <class name="com.suiteUsers.TestCase_CreateUser">
        <test-method status="SKIP" signature="verifyCreateUser()[pri:0, instance:com.suiteUsers.TestCase_CreateUser@9794e36]" name="verifyCreateUser" duration-ms="0" started-at="2015-08-19T15:59:25Z" finished-at="2015-08-19T15:59:25Z">
          <reporter-output>
          </reporter-output>
        </test-method> <!-- verifyCreateUser -->
        <test-method status="SKIP" signature="checkTestSkip()[pri:0, instance:com.suiteUsers.TestCase_CreateUser@9794e36]" name="checkTestSkip" is-config="true" duration-ms="0" started-at="2015-08-19T15:59:25Z" finished-at="2015-08-19T15:59:25Z">
          <reporter-output>
          </reporter-output>
        </test-method> <!-- checkTestSkip -->
        <test-method status="SKIP" signature="DefaultResult(org.testng.ITestResult)[pri:0, instance:com.suiteUsers.TestCase_CreateUser@9794e36]" name="DefaultResult" is-config="true" duration-ms="0" started-at="2015-08-19T15:59:25Z" finished-at="2015-08-19T15:59:25Z">
          <reporter-output>
          </reporter-output>
        </test-method> <!-- DefaultResult -->
      </class> <!-- com.suiteUsers.TestCase_CreateUser -->
    </test> <!-- Create New User -->
    <test name="Create a Restricted User" duration-ms="0" started-at="2015-08-19T10:29:25Z" finished-at="2015-08-19T10:29:25Z">
      <class name="com.suiteUsers.TestCase_CreateRestrictedUser">
        <test-method status="SKIP" signature="DefaultResult(org.testng.ITestResult)[pri:0, instance:com.suiteUsers.TestCase_CreateRestrictedUser@133c0a8a]" name="DefaultResult" is-config="true" duration-ms="0" started-at="2015-08-19T15:59:25Z" finished-at="2015-08-19T15:59:25Z">
          <reporter-output>
          </reporter-output>
        </test-method> <!-- DefaultResult -->
        <test-method status="SKIP" signature="verifyCreateRestrictedUser()[pri:0, instance:com.suiteUsers.TestCase_CreateRestrictedUser@133c0a8a]" name="verifyCreateRestrictedUser" duration-ms="0" started-at="2015-08-19T15:59:25Z" finished-at="2015-08-19T15:59:25Z">
          <reporter-output>
          </reporter-output>
        </test-method> <!-- verifyCreateRestrictedUser -->
        <test-method status="SKIP" signature="checkTestSkip()[pri:0, instance:com.suiteUsers.TestCase_CreateRestrictedUser@133c0a8a]" name="checkTestSkip" is-config="true" duration-ms="0" started-at="2015-08-19T15:59:25Z" finished-at="2015-08-19T15:59:25Z">
          <reporter-output>
          </reporter-output>
        </test-method> <!-- checkTestSkip -->
      </class> <!-- com.suiteUsers.TestCase_CreateRestrictedUser -->
    </test> <!-- Create a Restricted User -->
    <test name="Check Include grader only account search" duration-ms="0" started-at="2015-08-19T10:29:25Z" finished-at="2015-08-19T10:29:25Z">
      <class name="com.suiteUsers.TestCase_IncludeGraderOnlyAccountsCheck">
        <test-method status="SKIP" signature="checkTestSkip()[pri:0, instance:com.suiteUsers.TestCase_IncludeGraderOnlyAccountsCheck@7a1b16bd]" name="checkTestSkip" is-config="true" duration-ms="0" started-at="2015-08-19T15:59:25Z" finished-at="2015-08-19T15:59:25Z">
          <reporter-output>
          </reporter-output>
        </test-method> <!-- checkTestSkip -->
        <test-method status="SKIP" signature="verifyIncludeGraderOnlyAccountsCheck()[pri:0, instance:com.suiteUsers.TestCase_IncludeGraderOnlyAccountsCheck@7a1b16bd]" name="verifyIncludeGraderOnlyAccountsCheck" duration-ms="0" started-at="2015-08-19T15:59:25Z" finished-at="2015-08-19T15:59:25Z">
          <reporter-output>
          </reporter-output>
        </test-method> <!-- verifyIncludeGraderOnlyAccountsCheck -->
        <test-method status="SKIP" signature="DefaultResult(org.testng.ITestResult)[pri:0, instance:com.suiteUsers.TestCase_IncludeGraderOnlyAccountsCheck@7a1b16bd]" name="DefaultResult" is-config="true" duration-ms="0" started-at="2015-08-19T15:59:25Z" finished-at="2015-08-19T15:59:25Z">
          <reporter-output>
          </reporter-output>
        </test-method> <!-- DefaultResult -->
      </class> <!-- com.suiteUsers.TestCase_IncludeGraderOnlyAccountsCheck -->
    </test> <!-- Check Include grader only account search -->
    <test name="Email a User" duration-ms="0" started-at="2015-08-19T10:29:25Z" finished-at="2015-08-19T10:29:25Z">
      <class name="com.suiteUsers.TestCase_EmailUser">
        <test-method status="SKIP" signature="checkTestSkip()[pri:0, instance:com.suiteUsers.TestCase_EmailUser@72e797db]" name="checkTestSkip" is-config="true" duration-ms="0" started-at="2015-08-19T15:59:25Z" finished-at="2015-08-19T15:59:25Z">
          <reporter-output>
          </reporter-output>
        </test-method> <!-- checkTestSkip -->
        <test-method status="SKIP" signature="verifyEmailUser()[pri:0, instance:com.suiteUsers.TestCase_EmailUser@72e797db]" name="verifyEmailUser" duration-ms="0" started-at="2015-08-19T15:59:25Z" finished-at="2015-08-19T15:59:25Z">
          <reporter-output>
          </reporter-output>
        </test-method> <!-- verifyEmailUser -->
        <test-method status="SKIP" signature="DefaultResult(org.testng.ITestResult)[pri:0, instance:com.suiteUsers.TestCase_EmailUser@72e797db]" name="DefaultResult" is-config="true" duration-ms="0" started-at="2015-08-19T15:59:25Z" finished-at="2015-08-19T15:59:25Z">
          <reporter-output>
          </reporter-output>
        </test-method> <!-- DefaultResult -->
      </class> <!-- com.suiteUsers.TestCase_EmailUser -->
    </test> <!-- Email a User -->
    <test name="Edit a User" duration-ms="0" started-at="2015-08-19T10:29:25Z" finished-at="2015-08-19T10:29:25Z">
      <class name="com.suiteUsers.TestCase_EditUser">
        <test-method status="SKIP" signature="DefaultResult(org.testng.ITestResult)[pri:0, instance:com.suiteUsers.TestCase_EditUser@852732d]" name="DefaultResult" is-config="true" duration-ms="0" started-at="2015-08-19T15:59:25Z" finished-at="2015-08-19T15:59:25Z">
          <reporter-output>
          </reporter-output>
        </test-method> <!-- DefaultResult -->
        <test-method status="SKIP" signature="verifyEditUser()[pri:0, instance:com.suiteUsers.TestCase_EditUser@852732d]" name="verifyEditUser" duration-ms="0" started-at="2015-08-19T15:59:25Z" finished-at="2015-08-19T15:59:25Z">
          <reporter-output>
          </reporter-output>
        </test-method> <!-- verifyEditUser -->
        <test-method status="SKIP" signature="checkTestSkip()[pri:0, instance:com.suiteUsers.TestCase_EditUser@852732d]" name="checkTestSkip" is-config="true" duration-ms="0" started-at="2015-08-19T15:59:25Z" finished-at="2015-08-19T15:59:25Z">
          <reporter-output>
          </reporter-output>
        </test-method> <!-- checkTestSkip -->
      </class> <!-- com.suiteUsers.TestCase_EditUser -->
    </test> <!-- Edit a User -->
    <test name="Delete a User" duration-ms="1" started-at="2015-08-19T10:29:25Z" finished-at="2015-08-19T10:29:25Z">
      <class name="com.suiteUsers.TestSuiteBase">
        <test-method status="SKIP" signature="checkSuiteSkip()[pri:0, instance:com.suiteUsers.TestSuiteBase@6cd8739a]" name="checkSuiteSkip" is-config="true" duration-ms="0" started-at="2015-08-19T15:59:25Z" finished-at="2015-08-19T15:59:25Z">
          <exception class="org.testng.SkipException">
            <message>
              <![CDATA[Runmode of 'UsersSuite' is set to 'NO', hence skipping all tests in Suite!]]>
            </message>
            <full-stacktrace>
              <![CDATA[org.testng.SkipException: Runmode of 'UsersSuite' is set to 'NO', hence skipping all tests in Suite!
	at Util.TestUtil.checkSuiteSkip(TestUtil.java:137)
	at com.suiteUsers.TestSuiteBase.checkSuiteSkip(TestSuiteBase.java:13)
	at sun.reflect.NativeMethodAccessorImpl.invoke0(Native Method)
	at sun.reflect.NativeMethodAccessorImpl.invoke(Unknown Source)
	at sun.reflect.DelegatingMethodAccessorImpl.invoke(Unknown Source)
	at java.lang.reflect.Method.invoke(Unknown Source)
	at org.testng.internal.MethodInvocationHelper.invokeMethod(MethodInvocationHelper.java:84)
	at org.testng.internal.Invoker.invokeConfigurationMethod(Invoker.java:564)
	at org.testng.internal.Invoker.invokeConfigurations(Invoker.java:213)
	at org.testng.internal.Invoker.invokeConfigurations(Invoker.java:138)
	at org.testng.SuiteRunner.privateRun(SuiteRunner.java:277)
	at org.testng.SuiteRunner.run(SuiteRunner.java:240)
	at org.testng.SuiteRunnerWorker.runSuite(SuiteRunnerWorker.java:52)
	at org.testng.SuiteRunnerWorker.run(SuiteRunnerWorker.java:86)
	at org.testng.TestNG.runSuitesSequentially(TestNG.java:1224)
	at org.testng.TestNG.runSuitesSequentially(TestNG.java:1220)
	at org.testng.TestNG.runSuitesLocally(TestNG.java:1149)
	at org.testng.TestNG.run(TestNG.java:1057)
	at org.testng.TestNG.privateMain(TestNG.java:1364)
	at org.testng.TestNG.main(TestNG.java:1333)
]]>
            </full-stacktrace>
          </exception> <!-- org.testng.SkipException -->
          <reporter-output>
          </reporter-output>
        </test-method> <!-- checkSuiteSkip -->
      </class> <!-- com.suiteUsers.TestSuiteBase -->
      <class name="com.suiteUsers.TestCase_DeleteUser">
        <test-method status="SKIP" signature="checkTestSkip()[pri:0, instance:com.suiteUsers.TestCase_DeleteUser@fb95de0]" name="checkTestSkip" is-config="true" duration-ms="0" started-at="2015-08-19T15:59:25Z" finished-at="2015-08-19T15:59:25Z">
          <reporter-output>
          </reporter-output>
        </test-method> <!-- checkTestSkip -->
        <test-method status="SKIP" signature="verifyDeleteUser()[pri:0, instance:com.suiteUsers.TestCase_DeleteUser@fb95de0]" name="verifyDeleteUser" duration-ms="0" started-at="2015-08-19T15:59:25Z" finished-at="2015-08-19T15:59:25Z">
          <reporter-output>
          </reporter-output>
        </test-method> <!-- verifyDeleteUser -->
        <test-method status="SKIP" signature="DefaultResult(org.testng.ITestResult)[pri:0, instance:com.suiteUsers.TestCase_DeleteUser@fb95de0]" name="DefaultResult" is-config="true" duration-ms="0" started-at="2015-08-19T15:59:25Z" finished-at="2015-08-19T15:59:25Z">
          <reporter-output>
          </reporter-output>
        </test-method> <!-- DefaultResult -->
      </class> <!-- com.suiteUsers.TestCase_DeleteUser -->
    </test> <!-- Delete a User -->
  </suite> <!-- Users Test Cases -->
  <suite name="Assessments Test Cases" duration-ms="60" started-at="2015-08-19T10:29:25Z" finished-at="2015-08-19T10:29:25Z">
    <groups>
    </groups>
    <test name="Check Runmode of Suite" duration-ms="0" started-at="2015-08-19T10:29:25Z" finished-at="2015-08-19T10:29:25Z">
    </test> <!-- Check Runmode of Suite -->
    <test name="New Assessment Custom Notice" duration-ms="1" started-at="2015-08-19T10:29:25Z" finished-at="2015-08-19T10:29:25Z">
      <class name="com.SuiteAssessments.TestCase_NewAssessmentCustomNotice">
        <test-method status="SKIP" signature="checkTestSkip()[pri:0, instance:com.SuiteAssessments.TestCase_NewAssessmentCustomNotice@2196fffc]" name="checkTestSkip" is-config="true" duration-ms="0" started-at="2015-08-19T15:59:25Z" finished-at="2015-08-19T15:59:25Z">
          <reporter-output>
          </reporter-output>
        </test-method> <!-- checkTestSkip -->
        <test-method status="SKIP" signature="DefaultResult(org.testng.ITestResult)[pri:0, instance:com.SuiteAssessments.TestCase_NewAssessmentCustomNotice@2196fffc]" name="DefaultResult" is-config="true" duration-ms="0" started-at="2015-08-19T15:59:25Z" finished-at="2015-08-19T15:59:25Z">
          <reporter-output>
          </reporter-output>
        </test-method> <!-- DefaultResult -->
        <test-method status="SKIP" signature="NewAssessmentCustomNotice()[pri:0, instance:com.SuiteAssessments.TestCase_NewAssessmentCustomNotice@2196fffc]" name="NewAssessmentCustomNotice" duration-ms="0" started-at="2015-08-19T15:59:25Z" finished-at="2015-08-19T15:59:25Z">
          <reporter-output>
          </reporter-output>
        </test-method> <!-- NewAssessmentCustomNotice -->
      </class> <!-- com.SuiteAssessments.TestCase_NewAssessmentCustomNotice -->
    </test> <!-- New Assessment Custom Notice -->
    <test name="New Assessment Notice Template" duration-ms="1" started-at="2015-08-19T10:29:25Z" finished-at="2015-08-19T10:29:25Z">
      <class name="com.SuiteAssessments.TestCase_NewAssessmentNoticeTemplate">
        <test-method status="SKIP" signature="checkTestSkip()[pri:0, instance:com.SuiteAssessments.TestCase_NewAssessmentNoticeTemplate@2e64e02]" name="checkTestSkip" is-config="true" duration-ms="0" started-at="2015-08-19T15:59:25Z" finished-at="2015-08-19T15:59:25Z">
          <reporter-output>
          </reporter-output>
        </test-method> <!-- checkTestSkip -->
        <test-method status="SKIP" signature="NewAssessmentNoticeTemplate()[pri:0, instance:com.SuiteAssessments.TestCase_NewAssessmentNoticeTemplate@2e64e02]" name="NewAssessmentNoticeTemplate" duration-ms="0" started-at="2015-08-19T15:59:25Z" finished-at="2015-08-19T15:59:25Z">
          <reporter-output>
          </reporter-output>
        </test-method> <!-- NewAssessmentNoticeTemplate -->
        <test-method status="SKIP" signature="DefaultResult(org.testng.ITestResult)[pri:0, instance:com.SuiteAssessments.TestCase_NewAssessmentNoticeTemplate@2e64e02]" name="DefaultResult" is-config="true" duration-ms="0" started-at="2015-08-19T15:59:25Z" finished-at="2015-08-19T15:59:25Z">
          <reporter-output>
          </reporter-output>
        </test-method> <!-- DefaultResult -->
      </class> <!-- com.SuiteAssessments.TestCase_NewAssessmentNoticeTemplate -->
    </test> <!-- New Assessment Notice Template -->
    <test name="New Assessment Add Questions" duration-ms="1" started-at="2015-08-19T10:29:25Z" finished-at="2015-08-19T10:29:25Z">
      <class name="com.SuiteAssessments.TestCase_NewAssessmentAddQuestions">
        <test-method status="SKIP" signature="checkTestSkip()[pri:0, instance:com.SuiteAssessments.TestCase_NewAssessmentAddQuestions@43c3d993]" name="checkTestSkip" is-config="true" duration-ms="0" started-at="2015-08-19T15:59:25Z" finished-at="2015-08-19T15:59:25Z">
          <reporter-output>
          </reporter-output>
        </test-method> <!-- checkTestSkip -->
        <test-method status="SKIP" signature="NewAssessmentAddQuestions()[pri:0, instance:com.SuiteAssessments.TestCase_NewAssessmentAddQuestions@43c3d993]" name="NewAssessmentAddQuestions" duration-ms="0" started-at="2015-08-19T15:59:25Z" finished-at="2015-08-19T15:59:25Z">
          <reporter-output>
          </reporter-output>
        </test-method> <!-- NewAssessmentAddQuestions -->
        <test-method status="SKIP" signature="DefaultResult(org.testng.ITestResult)[pri:0, instance:com.SuiteAssessments.TestCase_NewAssessmentAddQuestions@43c3d993]" name="DefaultResult" is-config="true" duration-ms="0" started-at="2015-08-19T15:59:25Z" finished-at="2015-08-19T15:59:25Z">
          <reporter-output>
          </reporter-output>
        </test-method> <!-- DefaultResult -->
      </class> <!-- com.SuiteAssessments.TestCase_NewAssessmentAddQuestions -->
    </test> <!-- New Assessment Add Questions -->
    <test name="Most Recent Revised Assessment" duration-ms="0" started-at="2015-08-19T10:29:25Z" finished-at="2015-08-19T10:29:25Z">
      <class name="com.SuiteAssessments.TestCase_MostReceRevisedAssessment">
        <test-method status="SKIP" signature="MostReceRevisedAssessment()[pri:0, instance:com.SuiteAssessments.TestCase_MostReceRevisedAssessment@4fe3d81]" name="MostReceRevisedAssessment" duration-ms="0" started-at="2015-08-19T15:59:25Z" finished-at="2015-08-19T15:59:25Z">
          <reporter-output>
          </reporter-output>
        </test-method> <!-- MostReceRevisedAssessment -->
        <test-method status="SKIP" signature="DefaultResult(org.testng.ITestResult)[pri:0, instance:com.SuiteAssessments.TestCase_MostReceRevisedAssessment@4fe3d81]" name="DefaultResult" is-config="true" duration-ms="0" started-at="2015-08-19T15:59:25Z" finished-at="2015-08-19T15:59:25Z">
          <reporter-output>
          </reporter-output>
        </test-method> <!-- DefaultResult -->
        <test-method status="SKIP" signature="checkTestSkip()[pri:0, instance:com.SuiteAssessments.TestCase_MostReceRevisedAssessment@4fe3d81]" name="checkTestSkip" is-config="true" duration-ms="0" started-at="2015-08-19T15:59:25Z" finished-at="2015-08-19T15:59:25Z">
          <reporter-output>
          </reporter-output>
        </test-method> <!-- checkTestSkip -->
      </class> <!-- com.SuiteAssessments.TestCase_MostReceRevisedAssessment -->
    </test> <!-- Most Recent Revised Assessment -->
    <test name="New Assessment Saveas Draft" duration-ms="1" started-at="2015-08-19T10:29:25Z" finished-at="2015-08-19T10:29:25Z">
      <class name="com.SuiteAssessments.TestCase_NewAssessmentsaveasDraft">
        <test-method status="SKIP" signature="checkTestSkip()[pri:0, instance:com.SuiteAssessments.TestCase_NewAssessmentsaveasDraft@7662953a]" name="checkTestSkip" is-config="true" duration-ms="0" started-at="2015-08-19T15:59:25Z" finished-at="2015-08-19T15:59:25Z">
          <reporter-output>
          </reporter-output>
        </test-method> <!-- checkTestSkip -->
        <test-method status="SKIP" signature="DefaultResult(org.testng.ITestResult)[pri:0, instance:com.SuiteAssessments.TestCase_NewAssessmentsaveasDraft@7662953a]" name="DefaultResult" is-config="true" duration-ms="0" started-at="2015-08-19T15:59:25Z" finished-at="2015-08-19T15:59:25Z">
          <reporter-output>
          </reporter-output>
        </test-method> <!-- DefaultResult -->
        <test-method status="SKIP" signature="NewAssessmentsaveasDraft()[pri:0, instance:com.SuiteAssessments.TestCase_NewAssessmentsaveasDraft@7662953a]" name="NewAssessmentsaveasDraft" duration-ms="0" started-at="2015-08-19T15:59:25Z" finished-at="2015-08-19T15:59:25Z">
          <reporter-output>
          </reporter-output>
        </test-method> <!-- NewAssessmentsaveasDraft -->
      </class> <!-- com.SuiteAssessments.TestCase_NewAssessmentsaveasDraft -->
    </test> <!-- New Assessment Saveas Draft -->
    <test name="Edit Assessment Export Print" duration-ms="1" started-at="2015-08-19T10:29:25Z" finished-at="2015-08-19T10:29:25Z">
      <class name="com.SuiteAssessments.TestCase_EditAssessmentExportPrint">
        <test-method status="SKIP" signature="DefaultResult(org.testng.ITestResult)[pri:0, instance:com.SuiteAssessments.TestCase_EditAssessmentExportPrint@5da7d7e5]" name="DefaultResult" is-config="true" duration-ms="0" started-at="2015-08-19T15:59:25Z" finished-at="2015-08-19T15:59:25Z">
          <reporter-output>
          </reporter-output>
        </test-method> <!-- DefaultResult -->
        <test-method status="SKIP" signature="EditAssessmentExportPrint()[pri:0, instance:com.SuiteAssessments.TestCase_EditAssessmentExportPrint@5da7d7e5]" name="EditAssessmentExportPrint" duration-ms="0" started-at="2015-08-19T15:59:25Z" finished-at="2015-08-19T15:59:25Z">
          <reporter-output>
          </reporter-output>
        </test-method> <!-- EditAssessmentExportPrint -->
        <test-method status="SKIP" signature="checkTestSkip()[pri:0, instance:com.SuiteAssessments.TestCase_EditAssessmentExportPrint@5da7d7e5]" name="checkTestSkip" is-config="true" duration-ms="0" started-at="2015-08-19T15:59:25Z" finished-at="2015-08-19T15:59:25Z">
          <reporter-output>
          </reporter-output>
        </test-method> <!-- checkTestSkip -->
      </class> <!-- com.SuiteAssessments.TestCase_EditAssessmentExportPrint -->
    </test> <!-- Edit Assessment Export Print -->
    <test name="Edit Assessment Preview " duration-ms="0" started-at="2015-08-19T10:29:25Z" finished-at="2015-08-19T10:29:25Z">
      <class name="com.SuiteAssessments.TestCase_EditAssessmentPreview">
        <test-method status="SKIP" signature="checkTestSkip()[pri:0, instance:com.SuiteAssessments.TestCase_EditAssessmentPreview@39401e69]" name="checkTestSkip" is-config="true" duration-ms="0" started-at="2015-08-19T15:59:25Z" finished-at="2015-08-19T15:59:25Z">
          <reporter-output>
          </reporter-output>
        </test-method> <!-- checkTestSkip -->
        <test-method status="SKIP" signature="DefaultResult(org.testng.ITestResult)[pri:0, instance:com.SuiteAssessments.TestCase_EditAssessmentPreview@39401e69]" name="DefaultResult" is-config="true" duration-ms="0" started-at="2015-08-19T15:59:25Z" finished-at="2015-08-19T15:59:25Z">
          <reporter-output>
          </reporter-output>
        </test-method> <!-- DefaultResult -->
        <test-method status="SKIP" signature="EditAssessmentPreview()[pri:0, instance:com.SuiteAssessments.TestCase_EditAssessmentPreview@39401e69]" name="EditAssessmentPreview" duration-ms="0" started-at="2015-08-19T15:59:25Z" finished-at="2015-08-19T15:59:25Z">
          <reporter-output>
          </reporter-output>
        </test-method> <!-- EditAssessmentPreview -->
      </class> <!-- com.SuiteAssessments.TestCase_EditAssessmentPreview -->
    </test> <!-- Edit Assessment Preview  -->
    <test name="Post Assessment " duration-ms="0" started-at="2015-08-19T10:29:25Z" finished-at="2015-08-19T10:29:25Z">
      <class name="com.SuiteAssessments.TestCase_PostAssessment">
        <test-method status="SKIP" signature="DefaultResult(org.testng.ITestResult)[pri:0, instance:com.SuiteAssessments.TestCase_PostAssessment@6fb66469]" name="DefaultResult" is-config="true" duration-ms="0" started-at="2015-08-19T15:59:25Z" finished-at="2015-08-19T15:59:25Z">
          <reporter-output>
          </reporter-output>
        </test-method> <!-- DefaultResult -->
        <test-method status="SKIP" signature="PostAssessment()[pri:0, instance:com.SuiteAssessments.TestCase_PostAssessment@6fb66469]" name="PostAssessment" duration-ms="0" started-at="2015-08-19T15:59:25Z" finished-at="2015-08-19T15:59:25Z">
          <reporter-output>
          </reporter-output>
        </test-method> <!-- PostAssessment -->
        <test-method status="SKIP" signature="checkTestSkip()[pri:0, instance:com.SuiteAssessments.TestCase_PostAssessment@6fb66469]" name="checkTestSkip" is-config="true" duration-ms="0" started-at="2015-08-19T15:59:25Z" finished-at="2015-08-19T15:59:25Z">
          <reporter-output>
          </reporter-output>
        </test-method> <!-- checkTestSkip -->
      </class> <!-- com.SuiteAssessments.TestCase_PostAssessment -->
    </test> <!-- Post Assessment  -->
    <test name="Post Assessment Preview " duration-ms="0" started-at="2015-08-19T10:29:25Z" finished-at="2015-08-19T10:29:25Z">
      <class name="com.SuiteAssessments.TestCase_PostAssessmentPreview">
        <test-method status="SKIP" signature="checkTestSkip()[pri:0, instance:com.SuiteAssessments.TestCase_PostAssessmentPreview@5ee55d17]" name="checkTestSkip" is-config="true" duration-ms="0" started-at="2015-08-19T15:59:25Z" finished-at="2015-08-19T15:59:25Z">
          <reporter-output>
          </reporter-output>
        </test-method> <!-- checkTestSkip -->
        <test-method status="SKIP" signature="DefaultResult(org.testng.ITestResult)[pri:0, instance:com.SuiteAssessments.TestCase_PostAssessmentPreview@5ee55d17]" name="DefaultResult" is-config="true" duration-ms="0" started-at="2015-08-19T15:59:25Z" finished-at="2015-08-19T15:59:25Z">
          <reporter-output>
          </reporter-output>
        </test-method> <!-- DefaultResult -->
        <test-method status="SKIP" signature="PostAssessmentPreview()[pri:0, instance:com.SuiteAssessments.TestCase_PostAssessmentPreview@5ee55d17]" name="PostAssessmentPreview" duration-ms="0" started-at="2015-08-19T15:59:25Z" finished-at="2015-08-19T15:59:25Z">
          <reporter-output>
          </reporter-output>
        </test-method> <!-- PostAssessmentPreview -->
      </class> <!-- com.SuiteAssessments.TestCase_PostAssessmentPreview -->
    </test> <!-- Post Assessment Preview  -->
    <test name="multiple post" duration-ms="0" started-at="2015-08-19T10:29:25Z" finished-at="2015-08-19T10:29:25Z">
      <class name="com.SuiteAssessments.TestCase_multiplepost">
        <test-method status="SKIP" signature="checkTestSkip()[pri:0, instance:com.SuiteAssessments.TestCase_multiplepost@2b132ca1]" name="checkTestSkip" is-config="true" duration-ms="0" started-at="2015-08-19T15:59:25Z" finished-at="2015-08-19T15:59:25Z">
          <reporter-output>
          </reporter-output>
        </test-method> <!-- checkTestSkip -->
        <test-method status="SKIP" signature="multiplepost()[pri:0, instance:com.SuiteAssessments.TestCase_multiplepost@2b132ca1]" name="multiplepost" duration-ms="0" started-at="2015-08-19T15:59:25Z" finished-at="2015-08-19T15:59:25Z">
          <reporter-output>
          </reporter-output>
        </test-method> <!-- multiplepost -->
        <test-method status="SKIP" signature="DefaultResult(org.testng.ITestResult)[pri:0, instance:com.SuiteAssessments.TestCase_multiplepost@2b132ca1]" name="DefaultResult" is-config="true" duration-ms="0" started-at="2015-08-19T15:59:25Z" finished-at="2015-08-19T15:59:25Z">
          <reporter-output>
          </reporter-output>
        </test-method> <!-- DefaultResult -->
      </class> <!-- com.SuiteAssessments.TestCase_multiplepost -->
    </test> <!-- multiple post -->
    <test name="Unpostposting" duration-ms="0" started-at="2015-08-19T10:29:25Z" finished-at="2015-08-19T10:29:25Z">
      <class name="com.SuiteAssessments.TestCase_Unpostposting">
        <test-method status="SKIP" signature="checkTestSkip()[pri:0, instance:com.SuiteAssessments.TestCase_Unpostposting@221abac1]" name="checkTestSkip" is-config="true" duration-ms="0" started-at="2015-08-19T15:59:25Z" finished-at="2015-08-19T15:59:25Z">
          <reporter-output>
          </reporter-output>
        </test-method> <!-- checkTestSkip -->
        <test-method status="SKIP" signature="Unpostposting()[pri:0, instance:com.SuiteAssessments.TestCase_Unpostposting@221abac1]" name="Unpostposting" duration-ms="0" started-at="2015-08-19T15:59:25Z" finished-at="2015-08-19T15:59:25Z">
          <reporter-output>
          </reporter-output>
        </test-method> <!-- Unpostposting -->
        <test-method status="SKIP" signature="DefaultResult(org.testng.ITestResult)[pri:0, instance:com.SuiteAssessments.TestCase_Unpostposting@221abac1]" name="DefaultResult" is-config="true" duration-ms="0" started-at="2015-08-19T15:59:25Z" finished-at="2015-08-19T15:59:25Z">
          <reporter-output>
          </reporter-output>
        </test-method> <!-- DefaultResult -->
      </class> <!-- com.SuiteAssessments.TestCase_Unpostposting -->
    </test> <!-- Unpostposting -->
    <test name="Duplicate posting" duration-ms="1" started-at="2015-08-19T10:29:25Z" finished-at="2015-08-19T10:29:25Z">
      <class name="com.SuiteAssessments.TestCase_Duplicateposting">
        <test-method status="SKIP" signature="Duplicateposting()[pri:0, instance:com.SuiteAssessments.TestCase_Duplicateposting@47845cb3]" name="Duplicateposting" duration-ms="1" started-at="2015-08-19T15:59:25Z" finished-at="2015-08-19T15:59:25Z">
          <reporter-output>
          </reporter-output>
        </test-method> <!-- Duplicateposting -->
        <test-method status="SKIP" signature="checkTestSkip()[pri:0, instance:com.SuiteAssessments.TestCase_Duplicateposting@47845cb3]" name="checkTestSkip" is-config="true" duration-ms="0" started-at="2015-08-19T15:59:25Z" finished-at="2015-08-19T15:59:25Z">
          <reporter-output>
          </reporter-output>
        </test-method> <!-- checkTestSkip -->
        <test-method status="SKIP" signature="DefaultResult(org.testng.ITestResult)[pri:0, instance:com.SuiteAssessments.TestCase_Duplicateposting@47845cb3]" name="DefaultResult" is-config="true" duration-ms="0" started-at="2015-08-19T15:59:25Z" finished-at="2015-08-19T15:59:25Z">
          <reporter-output>
          </reporter-output>
        </test-method> <!-- DefaultResult -->
      </class> <!-- com.SuiteAssessments.TestCase_Duplicateposting -->
    </test> <!-- Duplicate posting -->
    <test name="Retire posting" duration-ms="1" started-at="2015-08-19T10:29:25Z" finished-at="2015-08-19T10:29:25Z">
      <class name="com.SuiteAssessments.TestCase_Retireposting">
        <test-method status="SKIP" signature="DefaultResult(org.testng.ITestResult)[pri:0, instance:com.SuiteAssessments.TestCase_Retireposting@47f5d05b]" name="DefaultResult" is-config="true" duration-ms="0" started-at="2015-08-19T15:59:25Z" finished-at="2015-08-19T15:59:25Z">
          <reporter-output>
          </reporter-output>
        </test-method> <!-- DefaultResult -->
        <test-method status="SKIP" signature="PostAssessment()[pri:0, instance:com.SuiteAssessments.TestCase_Retireposting@47f5d05b]" name="PostAssessment" duration-ms="0" started-at="2015-08-19T15:59:25Z" finished-at="2015-08-19T15:59:25Z">
          <reporter-output>
          </reporter-output>
        </test-method> <!-- PostAssessment -->
        <test-method status="SKIP" signature="checkTestSkip()[pri:0, instance:com.SuiteAssessments.TestCase_Retireposting@47f5d05b]" name="checkTestSkip" is-config="true" duration-ms="0" started-at="2015-08-19T15:59:25Z" finished-at="2015-08-19T15:59:25Z">
          <reporter-output>
          </reporter-output>
        </test-method> <!-- checkTestSkip -->
      </class> <!-- com.SuiteAssessments.TestCase_Retireposting -->
    </test> <!-- Retire posting -->
    <test name="Create New folder" duration-ms="0" started-at="2015-08-19T10:29:25Z" finished-at="2015-08-19T10:29:25Z">
      <class name="com.SuiteAssessments.TestCase_NewAssessmentfolder">
        <test-method status="SKIP" signature="DefaultResult(org.testng.ITestResult)[pri:0, instance:com.SuiteAssessments.TestCase_NewAssessmentfolder@4823ec74]" name="DefaultResult" is-config="true" duration-ms="0" started-at="2015-08-19T15:59:25Z" finished-at="2015-08-19T15:59:25Z">
          <reporter-output>
          </reporter-output>
        </test-method> <!-- DefaultResult -->
        <test-method status="SKIP" signature="checkTestSkip()[pri:0, instance:com.SuiteAssessments.TestCase_NewAssessmentfolder@4823ec74]" name="checkTestSkip" is-config="true" duration-ms="0" started-at="2015-08-19T15:59:25Z" finished-at="2015-08-19T15:59:25Z">
          <reporter-output>
          </reporter-output>
        </test-method> <!-- checkTestSkip -->
        <test-method status="SKIP" signature="newAssessmentfolder()[pri:0, instance:com.SuiteAssessments.TestCase_NewAssessmentfolder@4823ec74]" name="newAssessmentfolder" duration-ms="0" started-at="2015-08-19T15:59:25Z" finished-at="2015-08-19T15:59:25Z">
          <reporter-output>
          </reporter-output>
        </test-method> <!-- newAssessmentfolder -->
      </class> <!-- com.SuiteAssessments.TestCase_NewAssessmentfolder -->
    </test> <!-- Create New folder -->
    <test name="Edit created assessment folder" duration-ms="0" started-at="2015-08-19T10:29:25Z" finished-at="2015-08-19T10:29:25Z">
      <class name="com.SuiteAssessments.TestCase_EditAssessmentfolder">
        <test-method status="SKIP" signature="DefaultResult(org.testng.ITestResult)[pri:0, instance:com.SuiteAssessments.TestCase_EditAssessmentfolder@2520aade]" name="DefaultResult" is-config="true" duration-ms="0" started-at="2015-08-19T15:59:25Z" finished-at="2015-08-19T15:59:25Z">
          <reporter-output>
          </reporter-output>
        </test-method> <!-- DefaultResult -->
        <test-method status="SKIP" signature="editAssessmentfolder()[pri:0, instance:com.SuiteAssessments.TestCase_EditAssessmentfolder@2520aade]" name="editAssessmentfolder" duration-ms="0" started-at="2015-08-19T15:59:25Z" finished-at="2015-08-19T15:59:25Z">
          <reporter-output>
          </reporter-output>
        </test-method> <!-- editAssessmentfolder -->
        <test-method status="SKIP" signature="checkTestSkip()[pri:0, instance:com.SuiteAssessments.TestCase_EditAssessmentfolder@2520aade]" name="checkTestSkip" is-config="true" duration-ms="0" started-at="2015-08-19T15:59:25Z" finished-at="2015-08-19T15:59:25Z">
          <reporter-output>
          </reporter-output>
        </test-method> <!-- checkTestSkip -->
      </class> <!-- com.SuiteAssessments.TestCase_EditAssessmentfolder -->
    </test> <!-- Edit created assessment folder -->
    <test name="Share created assessment folder" duration-ms="0" started-at="2015-08-19T10:29:25Z" finished-at="2015-08-19T10:29:25Z">
      <class name="com.SuiteAssessments.TestCase_ShareAssessmentfolder">
        <test-method status="SKIP" signature="shareAssessmentfolder()[pri:0, instance:com.SuiteAssessments.TestCase_ShareAssessmentfolder@7e6c7407]" name="shareAssessmentfolder" duration-ms="0" started-at="2015-08-19T15:59:25Z" finished-at="2015-08-19T15:59:25Z">
          <reporter-output>
          </reporter-output>
        </test-method> <!-- shareAssessmentfolder -->
        <test-method status="SKIP" signature="DefaultResult(org.testng.ITestResult)[pri:0, instance:com.SuiteAssessments.TestCase_ShareAssessmentfolder@7e6c7407]" name="DefaultResult" is-config="true" duration-ms="0" started-at="2015-08-19T15:59:25Z" finished-at="2015-08-19T15:59:25Z">
          <reporter-output>
          </reporter-output>
        </test-method> <!-- DefaultResult -->
        <test-method status="SKIP" signature="checkTestSkip()[pri:0, instance:com.SuiteAssessments.TestCase_ShareAssessmentfolder@7e6c7407]" name="checkTestSkip" is-config="true" duration-ms="0" started-at="2015-08-19T15:59:25Z" finished-at="2015-08-19T15:59:25Z">
          <reporter-output>
          </reporter-output>
        </test-method> <!-- checkTestSkip -->
      </class> <!-- com.SuiteAssessments.TestCase_ShareAssessmentfolder -->
    </test> <!-- Share created assessment folder -->
    <test name="Delete Created folder" duration-ms="0" started-at="2015-08-19T10:29:25Z" finished-at="2015-08-19T10:29:25Z">
      <class name="com.SuiteAssessments.TestCase_DeleteAssessmentfolder">
        <test-method status="SKIP" signature="checkSuiteSkip()[pri:0, instance:com.SuiteAssessments.TestCase_DeleteAssessmentfolder@47f35aaa]" name="checkSuiteSkip" is-config="true" duration-ms="0" started-at="2015-08-19T15:59:25Z" finished-at="2015-08-19T15:59:25Z">
          <exception class="org.testng.SkipException">
            <message>
              <![CDATA[Runmode of 'AssessmentsSuite' is set to 'NO', hence skipping all tests in Suite!]]>
            </message>
            <full-stacktrace>
              <![CDATA[org.testng.SkipException: Runmode of 'AssessmentsSuite' is set to 'NO', hence skipping all tests in Suite!
	at Util.TestUtil.checkSuiteSkip(TestUtil.java:137)
	at com.SuiteAssessments.TestSuiteBase.checkSuiteSkip(TestSuiteBase.java:13)
	at sun.reflect.NativeMethodAccessorImpl.invoke0(Native Method)
	at sun.reflect.NativeMethodAccessorImpl.invoke(Unknown Source)
	at sun.reflect.DelegatingMethodAccessorImpl.invoke(Unknown Source)
	at java.lang.reflect.Method.invoke(Unknown Source)
	at org.testng.internal.MethodInvocationHelper.invokeMethod(MethodInvocationHelper.java:84)
	at org.testng.internal.Invoker.invokeConfigurationMethod(Invoker.java:564)
	at org.testng.internal.Invoker.invokeConfigurations(Invoker.java:213)
	at org.testng.internal.Invoker.invokeConfigurations(Invoker.java:138)
	at org.testng.SuiteRunner.privateRun(SuiteRunner.java:277)
	at org.testng.SuiteRunner.run(SuiteRunner.java:240)
	at org.testng.SuiteRunnerWorker.runSuite(SuiteRunnerWorker.java:52)
	at org.testng.SuiteRunnerWorker.run(SuiteRunnerWorker.java:86)
	at org.testng.TestNG.runSuitesSequentially(TestNG.java:1224)
	at org.testng.TestNG.runSuitesSequentially(TestNG.java:1220)
	at org.testng.TestNG.runSuitesLocally(TestNG.java:1149)
	at org.testng.TestNG.run(TestNG.java:1057)
	at org.testng.TestNG.privateMain(TestNG.java:1364)
	at org.testng.TestNG.main(TestNG.java:1333)
]]>
            </full-stacktrace>
          </exception> <!-- org.testng.SkipException -->
          <reporter-output>
          </reporter-output>
        </test-method> <!-- checkSuiteSkip -->
        <test-method status="SKIP" signature="deleteAssessmentfolder()[pri:0, instance:com.SuiteAssessments.TestCase_DeleteAssessmentfolder@47f35aaa]" name="deleteAssessmentfolder" duration-ms="0" started-at="2015-08-19T15:59:25Z" finished-at="2015-08-19T15:59:25Z">
          <reporter-output>
          </reporter-output>
        </test-method> <!-- deleteAssessmentfolder -->
        <test-method status="SKIP" signature="checkTestSkip()[pri:0, instance:com.SuiteAssessments.TestCase_DeleteAssessmentfolder@47f35aaa]" name="checkTestSkip" is-config="true" duration-ms="0" started-at="2015-08-19T15:59:25Z" finished-at="2015-08-19T15:59:25Z">
          <reporter-output>
          </reporter-output>
        </test-method> <!-- checkTestSkip -->
        <test-method status="SKIP" signature="DefaultResult(org.testng.ITestResult)[pri:0, instance:com.SuiteAssessments.TestCase_DeleteAssessmentfolder@47f35aaa]" name="DefaultResult" is-config="true" duration-ms="0" started-at="2015-08-19T15:59:25Z" finished-at="2015-08-19T15:59:25Z">
          <reporter-output>
          </reporter-output>
        </test-method> <!-- DefaultResult -->
        <test-method status="SKIP" signature="cleanUp()[pri:0, instance:com.SuiteAssessments.TestCase_DeleteAssessmentfolder@47f35aaa]" name="cleanUp" is-config="true" duration-ms="0" started-at="2015-08-19T15:59:25Z" finished-at="2015-08-19T15:59:25Z">
          <reporter-output>
          </reporter-output>
        </test-method> <!-- cleanUp -->
      </class> <!-- com.SuiteAssessments.TestCase_DeleteAssessmentfolder -->
    </test> <!-- Delete Created folder -->
  </suite> <!-- Assessments Test Cases -->
  <suite name="Reports Settings" duration-ms="21" started-at="2015-08-19T10:29:25Z" finished-at="2015-08-19T10:29:25Z">
    <groups>
    </groups>
    <test name="Check Runmode of Suite" duration-ms="0" started-at="2015-08-19T10:29:25Z" finished-at="2015-08-19T10:29:25Z">
    </test> <!-- Check Runmode of Suite -->
    <test name="CheckETResults" duration-ms="1" started-at="2015-08-19T10:29:25Z" finished-at="2015-08-19T10:29:25Z">
      <class name="com.SuiteReports.TestCase_CheckETResults">
        <test-method status="SKIP" signature="checkTestSkip()[pri:0, instance:com.SuiteReports.TestCase_CheckETResults@6be3506d]" name="checkTestSkip" is-config="true" duration-ms="0" started-at="2015-08-19T15:59:25Z" finished-at="2015-08-19T15:59:25Z">
          <reporter-output>
          </reporter-output>
        </test-method> <!-- checkTestSkip -->
        <test-method status="SKIP" signature="CheckETResults()[pri:0, instance:com.SuiteReports.TestCase_CheckETResults@6be3506d]" name="CheckETResults" duration-ms="0" started-at="2015-08-19T15:59:25Z" finished-at="2015-08-19T15:59:25Z">
          <reporter-output>
          </reporter-output>
        </test-method> <!-- CheckETResults -->
        <test-method status="SKIP" signature="DefaultResutl(org.testng.ITestResult)[pri:0, instance:com.SuiteReports.TestCase_CheckETResults@6be3506d]" name="DefaultResutl" is-config="true" duration-ms="0" started-at="2015-08-19T15:59:25Z" finished-at="2015-08-19T15:59:25Z">
          <reporter-output>
          </reporter-output>
        </test-method> <!-- DefaultResutl -->
      </class> <!-- com.SuiteReports.TestCase_CheckETResults -->
    </test> <!-- CheckETResults -->
    <test name="CheckSummaryReports" duration-ms="1" started-at="2015-08-19T10:29:25Z" finished-at="2015-08-19T10:29:25Z">
      <class name="com.SuiteReports.TestCase_CheckSummaryReport">
        <test-method status="SKIP" signature="checkTestSkip()[pri:0, instance:com.SuiteReports.TestCase_CheckSummaryReport@439ca904]" name="checkTestSkip" is-config="true" duration-ms="0" started-at="2015-08-19T15:59:25Z" finished-at="2015-08-19T15:59:25Z">
          <reporter-output>
          </reporter-output>
        </test-method> <!-- checkTestSkip -->
        <test-method status="SKIP" signature="CheckSummaryReports()[pri:0, instance:com.SuiteReports.TestCase_CheckSummaryReport@439ca904]" name="CheckSummaryReports" duration-ms="0" started-at="2015-08-19T15:59:25Z" finished-at="2015-08-19T15:59:25Z">
          <reporter-output>
          </reporter-output>
        </test-method> <!-- CheckSummaryReports -->
        <test-method status="SKIP" signature="DefaultResutl(org.testng.ITestResult)[pri:0, instance:com.SuiteReports.TestCase_CheckSummaryReport@439ca904]" name="DefaultResutl" is-config="true" duration-ms="0" started-at="2015-08-19T15:59:25Z" finished-at="2015-08-19T15:59:25Z">
          <reporter-output>
          </reporter-output>
        </test-method> <!-- DefaultResutl -->
      </class> <!-- com.SuiteReports.TestCase_CheckSummaryReport -->
    </test> <!-- CheckSummaryReports -->
    <test name="CheckReleaseETResults" duration-ms="1" started-at="2015-08-19T10:29:25Z" finished-at="2015-08-19T10:29:25Z">
      <class name="com.SuiteReports.TestCase_CheckReleaseETResults">
        <test-method status="SKIP" signature="CheckReleaseResults()[pri:0, instance:com.SuiteReports.TestCase_CheckReleaseETResults@5a311ade]" name="CheckReleaseResults" duration-ms="0" started-at="2015-08-19T15:59:25Z" finished-at="2015-08-19T15:59:25Z">
          <reporter-output>
          </reporter-output>
        </test-method> <!-- CheckReleaseResults -->
        <test-method status="SKIP" signature="checkTestSkip()[pri:0, instance:com.SuiteReports.TestCase_CheckReleaseETResults@5a311ade]" name="checkTestSkip" is-config="true" duration-ms="0" started-at="2015-08-19T15:59:25Z" finished-at="2015-08-19T15:59:25Z">
          <reporter-output>
          </reporter-output>
        </test-method> <!-- checkTestSkip -->
        <test-method status="SKIP" signature="DefaultResutl(org.testng.ITestResult)[pri:0, instance:com.SuiteReports.TestCase_CheckReleaseETResults@5a311ade]" name="DefaultResutl" is-config="true" duration-ms="0" started-at="2015-08-19T15:59:25Z" finished-at="2015-08-19T15:59:25Z">
          <reporter-output>
          </reporter-output>
        </test-method> <!-- DefaultResutl -->
      </class> <!-- com.SuiteReports.TestCase_CheckReleaseETResults -->
    </test> <!-- CheckReleaseETResults -->
    <test name="CheckReleaseETResultsSendEmail" duration-ms="1" started-at="2015-08-19T10:29:25Z" finished-at="2015-08-19T10:29:25Z">
      <class name="com.SuiteReports.TestCase_CheckReleaseETResults_PostEmail">
        <test-method status="SKIP" signature="checkTestSkip()[pri:0, instance:com.SuiteReports.TestCase_CheckReleaseETResults_PostEmail@14ea0724]" name="checkTestSkip" is-config="true" duration-ms="0" started-at="2015-08-19T15:59:25Z" finished-at="2015-08-19T15:59:25Z">
          <reporter-output>
          </reporter-output>
        </test-method> <!-- checkTestSkip -->
        <test-method status="SKIP" signature="DefaultResutl(org.testng.ITestResult)[pri:0, instance:com.SuiteReports.TestCase_CheckReleaseETResults_PostEmail@14ea0724]" name="DefaultResutl" is-config="true" duration-ms="0" started-at="2015-08-19T15:59:25Z" finished-at="2015-08-19T15:59:25Z">
          <reporter-output>
          </reporter-output>
        </test-method> <!-- DefaultResutl -->
        <test-method status="SKIP" signature="CheckReleaseETResultsPostEmail()[pri:0, instance:com.SuiteReports.TestCase_CheckReleaseETResults_PostEmail@14ea0724]" name="CheckReleaseETResultsPostEmail" duration-ms="0" started-at="2015-08-19T15:59:25Z" finished-at="2015-08-19T15:59:25Z">
          <reporter-output>
          </reporter-output>
        </test-method> <!-- CheckReleaseETResultsPostEmail -->
      </class> <!-- com.SuiteReports.TestCase_CheckReleaseETResults_PostEmail -->
    </test> <!-- CheckReleaseETResultsSendEmail -->
    <test name="SandOReports" duration-ms="0" started-at="2015-08-19T10:29:25Z" finished-at="2015-08-19T10:29:25Z">
      <class name="com.SuiteReports.TestCase_CheckSandOReports">
        <test-method status="SKIP" signature="checkTestSkip()[pri:0, instance:com.SuiteReports.TestCase_CheckSandOReports@721bdf30]" name="checkTestSkip" is-config="true" duration-ms="0" started-at="2015-08-19T15:59:25Z" finished-at="2015-08-19T15:59:25Z">
          <reporter-output>
          </reporter-output>
        </test-method> <!-- checkTestSkip -->
        <test-method status="SKIP" signature="CheckSNOReports()[pri:0, instance:com.SuiteReports.TestCase_CheckSandOReports@721bdf30]" name="CheckSNOReports" duration-ms="0" started-at="2015-08-19T15:59:25Z" finished-at="2015-08-19T15:59:25Z">
          <reporter-output>
          </reporter-output>
        </test-method> <!-- CheckSNOReports -->
        <test-method status="SKIP" signature="DefaultResutl(org.testng.ITestResult)[pri:0, instance:com.SuiteReports.TestCase_CheckSandOReports@721bdf30]" name="DefaultResutl" is-config="true" duration-ms="0" started-at="2015-08-19T15:59:25Z" finished-at="2015-08-19T15:59:25Z">
          <reporter-output>
          </reporter-output>
        </test-method> <!-- DefaultResutl -->
      </class> <!-- com.SuiteReports.TestCase_CheckSandOReports -->
    </test> <!-- SandOReports -->
    <test name="CategoryReports" duration-ms="0" started-at="2015-08-19T10:29:25Z" finished-at="2015-08-19T10:29:25Z">
      <class name="com.SuiteReports.TestCase_CheckCategoryReports">
        <test-method status="SKIP" signature="checkSuiteSkip()[pri:0, instance:com.SuiteReports.TestCase_CheckCategoryReports@3e9f3364]" name="checkSuiteSkip" is-config="true" duration-ms="0" started-at="2015-08-19T15:59:25Z" finished-at="2015-08-19T15:59:25Z">
          <exception class="org.testng.SkipException">
            <message>
              <![CDATA[Runmode of 'ReportsSuite' is set to 'NO', hence skipping all tests in Suite!]]>
            </message>
            <full-stacktrace>
              <![CDATA[org.testng.SkipException: Runmode of 'ReportsSuite' is set to 'NO', hence skipping all tests in Suite!
	at Util.TestUtil.checkSuiteSkip(TestUtil.java:137)
	at com.SuiteReports.TestSuiteBase.checkSuiteSkip(TestSuiteBase.java:13)
	at sun.reflect.NativeMethodAccessorImpl.invoke0(Native Method)
	at sun.reflect.NativeMethodAccessorImpl.invoke(Unknown Source)
	at sun.reflect.DelegatingMethodAccessorImpl.invoke(Unknown Source)
	at java.lang.reflect.Method.invoke(Unknown Source)
	at org.testng.internal.MethodInvocationHelper.invokeMethod(MethodInvocationHelper.java:84)
	at org.testng.internal.Invoker.invokeConfigurationMethod(Invoker.java:564)
	at org.testng.internal.Invoker.invokeConfigurations(Invoker.java:213)
	at org.testng.internal.Invoker.invokeConfigurations(Invoker.java:138)
	at org.testng.SuiteRunner.privateRun(SuiteRunner.java:277)
	at org.testng.SuiteRunner.run(SuiteRunner.java:240)
	at org.testng.SuiteRunnerWorker.runSuite(SuiteRunnerWorker.java:52)
	at org.testng.SuiteRunnerWorker.run(SuiteRunnerWorker.java:86)
	at org.testng.TestNG.runSuitesSequentially(TestNG.java:1224)
	at org.testng.TestNG.runSuitesSequentially(TestNG.java:1220)
	at org.testng.TestNG.runSuitesLocally(TestNG.java:1149)
	at org.testng.TestNG.run(TestNG.java:1057)
	at org.testng.TestNG.privateMain(TestNG.java:1364)
	at org.testng.TestNG.main(TestNG.java:1333)
]]>
            </full-stacktrace>
          </exception> <!-- org.testng.SkipException -->
          <reporter-output>
          </reporter-output>
        </test-method> <!-- checkSuiteSkip -->
        <test-method status="SKIP" signature="CheckCategoryReports()[pri:0, instance:com.SuiteReports.TestCase_CheckCategoryReports@3e9f3364]" name="CheckCategoryReports" duration-ms="0" started-at="2015-08-19T15:59:25Z" finished-at="2015-08-19T15:59:25Z">
          <reporter-output>
          </reporter-output>
        </test-method> <!-- CheckCategoryReports -->
        <test-method status="SKIP" signature="DefaultResutl(org.testng.ITestResult)[pri:0, instance:com.SuiteReports.TestCase_CheckCategoryReports@3e9f3364]" name="DefaultResutl" is-config="true" duration-ms="0" started-at="2015-08-19T15:59:25Z" finished-at="2015-08-19T15:59:25Z">
          <reporter-output>
          </reporter-output>
        </test-method> <!-- DefaultResutl -->
        <test-method status="SKIP" signature="checkTestSkip()[pri:0, instance:com.SuiteReports.TestCase_CheckCategoryReports@3e9f3364]" name="checkTestSkip" is-config="true" duration-ms="0" started-at="2015-08-19T15:59:25Z" finished-at="2015-08-19T15:59:25Z">
          <reporter-output>
          </reporter-output>
        </test-method> <!-- checkTestSkip -->
      </class> <!-- com.SuiteReports.TestCase_CheckCategoryReports -->
    </test> <!-- CategoryReports -->
  </suite> <!-- Reports Settings -->
  <suite name="Questions" duration-ms="153" started-at="2015-08-19T10:29:24Z" finished-at="2015-08-19T10:29:25Z">
    <groups>
    </groups>
    <test name="Check Runmode of Suite" duration-ms="1" started-at="2015-08-19T10:29:24Z" finished-at="2015-08-19T10:29:24Z">
    </test> <!-- Check Runmode of Suite -->
    <test name="Verify CreateQSLinks Test Case" duration-ms="1" started-at="2015-08-19T10:29:24Z" finished-at="2015-08-19T10:29:24Z">
      <class name="com.suiteQuestions.TestCase_CreateQSLinks">
        <test-method status="SKIP" signature="checkTestSkip()[pri:0, instance:com.suiteQuestions.TestCase_CreateQSLinks@11b5b834]" name="checkTestSkip" is-config="true" duration-ms="0" started-at="2015-08-19T15:59:24Z" finished-at="2015-08-19T15:59:24Z">
          <reporter-output>
          </reporter-output>
        </test-method> <!-- checkTestSkip -->
        <test-method status="SKIP" signature="DefaultResult(org.testng.ITestResult)[pri:0, instance:com.suiteQuestions.TestCase_CreateQSLinks@11b5b834]" name="DefaultResult" is-config="true" duration-ms="0" started-at="2015-08-19T15:59:24Z" finished-at="2015-08-19T15:59:24Z">
          <reporter-output>
          </reporter-output>
        </test-method> <!-- DefaultResult -->
        <test-method status="SKIP" signature="verifyCreateQSLinkTest()[pri:0, instance:com.suiteQuestions.TestCase_CreateQSLinks@11b5b834]" name="verifyCreateQSLinkTest" duration-ms="0" started-at="2015-08-19T15:59:24Z" finished-at="2015-08-19T15:59:24Z">
          <reporter-output>
          </reporter-output>
        </test-method> <!-- verifyCreateQSLinkTest -->
      </class> <!-- com.suiteQuestions.TestCase_CreateQSLinks -->
    </test> <!-- Verify CreateQSLinks Test Case -->
    <test name="Verify DefaultQSbyFolder Test Case" duration-ms="1" started-at="2015-08-19T10:29:24Z" finished-at="2015-08-19T10:29:24Z">
      <class name="com.suiteQuestions.TestCase_DefaultQSbyFolder">
        <test-method status="SKIP" signature="checkTestSkip()[pri:0, instance:com.suiteQuestions.TestCase_DefaultQSbyFolder@f598d5f]" name="checkTestSkip" is-config="true" duration-ms="0" started-at="2015-08-19T15:59:24Z" finished-at="2015-08-19T15:59:24Z">
          <reporter-output>
          </reporter-output>
        </test-method> <!-- checkTestSkip -->
        <test-method status="SKIP" signature="verifydefaultQSbyFolderLinkTest()[pri:0, instance:com.suiteQuestions.TestCase_DefaultQSbyFolder@f598d5f]" name="verifydefaultQSbyFolderLinkTest" duration-ms="0" started-at="2015-08-19T15:59:24Z" finished-at="2015-08-19T15:59:24Z">
          <reporter-output>
          </reporter-output>
        </test-method> <!-- verifydefaultQSbyFolderLinkTest -->
        <test-method status="SKIP" signature="DefaultResult(org.testng.ITestResult)[pri:0, instance:com.suiteQuestions.TestCase_DefaultQSbyFolder@f598d5f]" name="DefaultResult" is-config="true" duration-ms="0" started-at="2015-08-19T15:59:24Z" finished-at="2015-08-19T15:59:24Z">
          <reporter-output>
          </reporter-output>
        </test-method> <!-- DefaultResult -->
      </class> <!-- com.suiteQuestions.TestCase_DefaultQSbyFolder -->
    </test> <!-- Verify DefaultQSbyFolder Test Case -->
    <test name="Verify CreateFolder Test Case" duration-ms="1" started-at="2015-08-19T10:29:24Z" finished-at="2015-08-19T10:29:24Z">
      <class name="com.suiteQuestions.TestCase_CreateFolder">
        <test-method status="SKIP" signature="checkTestSkip()[pri:0, instance:com.suiteQuestions.TestCase_CreateFolder@1d8dd769]" name="checkTestSkip" is-config="true" duration-ms="0" started-at="2015-08-19T15:59:24Z" finished-at="2015-08-19T15:59:24Z">
          <reporter-output>
          </reporter-output>
        </test-method> <!-- checkTestSkip -->
        <test-method status="SKIP" signature="DefaultResult(org.testng.ITestResult)[pri:0, instance:com.suiteQuestions.TestCase_CreateFolder@1d8dd769]" name="DefaultResult" is-config="true" duration-ms="0" started-at="2015-08-19T15:59:24Z" finished-at="2015-08-19T15:59:24Z">
          <reporter-output>
          </reporter-output>
        </test-method> <!-- DefaultResult -->
        <test-method status="SKIP" signature="verifyCreateQSFolderTest()[pri:0, instance:com.suiteQuestions.TestCase_CreateFolder@1d8dd769]" name="verifyCreateQSFolderTest" duration-ms="0" started-at="2015-08-19T15:59:24Z" finished-at="2015-08-19T15:59:24Z">
          <reporter-output>
          </reporter-output>
        </test-method> <!-- verifyCreateQSFolderTest -->
      </class> <!-- com.suiteQuestions.TestCase_CreateFolder -->
    </test> <!-- Verify CreateFolder Test Case -->
    <test name="Verify Create New Category Test Case" duration-ms="1" started-at="2015-08-19T10:29:24Z" finished-at="2015-08-19T10:29:24Z">
      <class name="com.suiteQuestions.TestCase_CreateNewCategory">
        <test-method status="SKIP" signature="checkTestSkip()[pri:0, instance:com.suiteQuestions.TestCase_CreateNewCategory@499aed36]" name="checkTestSkip" is-config="true" duration-ms="0" started-at="2015-08-19T15:59:24Z" finished-at="2015-08-19T15:59:24Z">
          <reporter-output>
          </reporter-output>
        </test-method> <!-- checkTestSkip -->
        <test-method status="SKIP" signature="DefaultResult(org.testng.ITestResult)[pri:0, instance:com.suiteQuestions.TestCase_CreateNewCategory@499aed36]" name="DefaultResult" is-config="true" duration-ms="0" started-at="2015-08-19T15:59:24Z" finished-at="2015-08-19T15:59:24Z">
          <reporter-output>
          </reporter-output>
        </test-method> <!-- DefaultResult -->
        <test-method status="SKIP" signature="verifyCreateCategoryTest()[pri:0, instance:com.suiteQuestions.TestCase_CreateNewCategory@499aed36]" name="verifyCreateCategoryTest" duration-ms="0" started-at="2015-08-19T15:59:24Z" finished-at="2015-08-19T15:59:24Z">
          <reporter-output>
          </reporter-output>
        </test-method> <!-- verifyCreateCategoryTest -->
      </class> <!-- com.suiteQuestions.TestCase_CreateNewCategory -->
    </test> <!-- Verify Create New Category Test Case -->
    <test name="Verify Create MC Questions Test Case" duration-ms="1" started-at="2015-08-19T10:29:24Z" finished-at="2015-08-19T10:29:24Z">
      <class name="com.suiteQuestions.TestCase_CreateMCQuestions">
        <test-method status="SKIP" signature="verifyCreateMCQuestionsTest()[pri:0, instance:com.suiteQuestions.TestCase_CreateMCQuestions@73d08edf]" name="verifyCreateMCQuestionsTest" duration-ms="1" started-at="2015-08-19T15:59:24Z" finished-at="2015-08-19T15:59:24Z">
          <reporter-output>
          </reporter-output>
        </test-method> <!-- verifyCreateMCQuestionsTest -->
        <test-method status="SKIP" signature="checkTestSkip()[pri:0, instance:com.suiteQuestions.TestCase_CreateMCQuestions@73d08edf]" name="checkTestSkip" is-config="true" duration-ms="0" started-at="2015-08-19T15:59:24Z" finished-at="2015-08-19T15:59:24Z">
          <reporter-output>
          </reporter-output>
        </test-method> <!-- checkTestSkip -->
        <test-method status="SKIP" signature="DefaultResult(org.testng.ITestResult)[pri:0, instance:com.suiteQuestions.TestCase_CreateMCQuestions@73d08edf]" name="DefaultResult" is-config="true" duration-ms="0" started-at="2015-08-19T15:59:24Z" finished-at="2015-08-19T15:59:24Z">
          <reporter-output>
          </reporter-output>
        </test-method> <!-- DefaultResult -->
      </class> <!-- com.suiteQuestions.TestCase_CreateMCQuestions -->
    </test> <!-- Verify Create MC Questions Test Case -->
    <test name="Verify Create TrueFalse Questions Test Case" duration-ms="0" started-at="2015-08-19T10:29:24Z" finished-at="2015-08-19T10:29:24Z">
      <class name="com.suiteQuestions.TestCase_CreateTFQuestions">
        <test-method status="SKIP" signature="verifyCreateTFQuestionsTest()[pri:0, instance:com.suiteQuestions.TestCase_CreateTFQuestions@71060c3e]" name="verifyCreateTFQuestionsTest" duration-ms="0" started-at="2015-08-19T15:59:24Z" finished-at="2015-08-19T15:59:24Z">
          <reporter-output>
          </reporter-output>
        </test-method> <!-- verifyCreateTFQuestionsTest -->
        <test-method status="SKIP" signature="DefaultResult(org.testng.ITestResult)[pri:0, instance:com.suiteQuestions.TestCase_CreateTFQuestions@71060c3e]" name="DefaultResult" is-config="true" duration-ms="0" started-at="2015-08-19T15:59:24Z" finished-at="2015-08-19T15:59:24Z">
          <reporter-output>
          </reporter-output>
        </test-method> <!-- DefaultResult -->
        <test-method status="SKIP" signature="checkTestSkip()[pri:0, instance:com.suiteQuestions.TestCase_CreateTFQuestions@71060c3e]" name="checkTestSkip" is-config="true" duration-ms="0" started-at="2015-08-19T15:59:24Z" finished-at="2015-08-19T15:59:24Z">
          <reporter-output>
          </reporter-output>
        </test-method> <!-- checkTestSkip -->
      </class> <!-- com.suiteQuestions.TestCase_CreateTFQuestions -->
    </test> <!-- Verify Create TrueFalse Questions Test Case -->
    <test name="Verify Create Essay Questions Test Case" duration-ms="0" started-at="2015-08-19T10:29:24Z" finished-at="2015-08-19T10:29:24Z">
      <class name="com.suiteQuestions.TestCase_CreateEassyQuestions">
        <test-method status="SKIP" signature="DefaultResult(org.testng.ITestResult)[pri:0, instance:com.suiteQuestions.TestCase_CreateEassyQuestions@6e6be940]" name="DefaultResult" is-config="true" duration-ms="0" started-at="2015-08-19T15:59:24Z" finished-at="2015-08-19T15:59:24Z">
          <reporter-output>
          </reporter-output>
        </test-method> <!-- DefaultResult -->
        <test-method status="SKIP" signature="verifyCreateEssayQuestionsTest()[pri:0, instance:com.suiteQuestions.TestCase_CreateEassyQuestions@6e6be940]" name="verifyCreateEssayQuestionsTest" duration-ms="0" started-at="2015-08-19T15:59:24Z" finished-at="2015-08-19T15:59:24Z">
          <reporter-output>
          </reporter-output>
        </test-method> <!-- verifyCreateEssayQuestionsTest -->
        <test-method status="SKIP" signature="checkTestSkip()[pri:0, instance:com.suiteQuestions.TestCase_CreateEassyQuestions@6e6be940]" name="checkTestSkip" is-config="true" duration-ms="0" started-at="2015-08-19T15:59:24Z" finished-at="2015-08-19T15:59:24Z">
          <reporter-output>
          </reporter-output>
        </test-method> <!-- checkTestSkip -->
      </class> <!-- com.suiteQuestions.TestCase_CreateEassyQuestions -->
    </test> <!-- Verify Create Essay Questions Test Case -->
    <test name="Verify Create FITB Questions Test Case" duration-ms="1" started-at="2015-08-19T10:29:24Z" finished-at="2015-08-19T10:29:24Z">
      <class name="com.suiteQuestions.TestCase_CreateFITBQuestions">
        <test-method status="SKIP" signature="verifyCreateFITBQuestionsTest()[pri:0, instance:com.suiteQuestions.TestCase_CreateFITBQuestions@19e02860]" name="verifyCreateFITBQuestionsTest" duration-ms="0" started-at="2015-08-19T15:59:24Z" finished-at="2015-08-19T15:59:24Z">
          <reporter-output>
          </reporter-output>
        </test-method> <!-- verifyCreateFITBQuestionsTest -->
        <test-method status="SKIP" signature="checkTestSkip()[pri:0, instance:com.suiteQuestions.TestCase_CreateFITBQuestions@19e02860]" name="checkTestSkip" is-config="true" duration-ms="0" started-at="2015-08-19T15:59:24Z" finished-at="2015-08-19T15:59:24Z">
          <reporter-output>
          </reporter-output>
        </test-method> <!-- checkTestSkip -->
        <test-method status="SKIP" signature="DefaultResult(org.testng.ITestResult)[pri:0, instance:com.suiteQuestions.TestCase_CreateFITBQuestions@19e02860]" name="DefaultResult" is-config="true" duration-ms="0" started-at="2015-08-19T15:59:24Z" finished-at="2015-08-19T15:59:24Z">
          <reporter-output>
          </reporter-output>
        </test-method> <!-- DefaultResult -->
      </class> <!-- com.suiteQuestions.TestCase_CreateFITBQuestions -->
    </test> <!-- Verify Create FITB Questions Test Case -->
    <test name="Verify SelectCategoryFolder Test Case" duration-ms="1" started-at="2015-08-19T10:29:24Z" finished-at="2015-08-19T10:29:24Z">
      <class name="com.suiteQuestions.TestCase_SelectCategoryFolder">
        <test-method status="SKIP" signature="checkTestSkip()[pri:0, instance:com.suiteQuestions.TestCase_SelectCategoryFolder@369ef286]" name="checkTestSkip" is-config="true" duration-ms="0" started-at="2015-08-19T15:59:24Z" finished-at="2015-08-19T15:59:24Z">
          <reporter-output>
          </reporter-output>
        </test-method> <!-- checkTestSkip -->
        <test-method status="SKIP" signature="DefaultResult(org.testng.ITestResult)[pri:0, instance:com.suiteQuestions.TestCase_SelectCategoryFolder@369ef286]" name="DefaultResult" is-config="true" duration-ms="0" started-at="2015-08-19T15:59:24Z" finished-at="2015-08-19T15:59:24Z">
          <reporter-output>
          </reporter-output>
        </test-method> <!-- DefaultResult -->
        <test-method status="SKIP" signature="verifySelectCategoryFolder()[pri:0, instance:com.suiteQuestions.TestCase_SelectCategoryFolder@369ef286]" name="verifySelectCategoryFolder" duration-ms="0" started-at="2015-08-19T15:59:24Z" finished-at="2015-08-19T15:59:24Z">
          <reporter-output>
          </reporter-output>
        </test-method> <!-- verifySelectCategoryFolder -->
      </class> <!-- com.suiteQuestions.TestCase_SelectCategoryFolder -->
    </test> <!-- Verify SelectCategoryFolder Test Case -->
    <test name="Verify Search By Id Test Case" duration-ms="1" started-at="2015-08-19T10:29:24Z" finished-at="2015-08-19T10:29:24Z">
      <class name="com.suiteQuestions.TestCase_SearchQuestionsById">
        <test-method status="SKIP" signature="checkTestSkip()[pri:0, instance:com.suiteQuestions.TestCase_SearchQuestionsById@23d2c798]" name="checkTestSkip" is-config="true" duration-ms="0" started-at="2015-08-19T15:59:24Z" finished-at="2015-08-19T15:59:24Z">
          <reporter-output>
          </reporter-output>
        </test-method> <!-- checkTestSkip -->
        <test-method status="SKIP" signature="DefaultResult(org.testng.ITestResult)[pri:0, instance:com.suiteQuestions.TestCase_SearchQuestionsById@23d2c798]" name="DefaultResult" is-config="true" duration-ms="0" started-at="2015-08-19T15:59:24Z" finished-at="2015-08-19T15:59:24Z">
          <reporter-output>
          </reporter-output>
        </test-method> <!-- DefaultResult -->
        <test-method status="SKIP" signature="verifySearchQuestionsByIdTest()[pri:0, instance:com.suiteQuestions.TestCase_SearchQuestionsById@23d2c798]" name="verifySearchQuestionsByIdTest" duration-ms="0" started-at="2015-08-19T15:59:24Z" finished-at="2015-08-19T15:59:24Z">
          <reporter-output>
          </reporter-output>
        </test-method> <!-- verifySearchQuestionsByIdTest -->
      </class> <!-- com.suiteQuestions.TestCase_SearchQuestionsById -->
    </test> <!-- Verify Search By Id Test Case -->
    <test name="Verify Search By Name Test Case" duration-ms="1" started-at="2015-08-19T10:29:24Z" finished-at="2015-08-19T10:29:24Z">
      <class name="com.suiteQuestions.TestCase_SearchQuestionsByName">
        <test-method status="SKIP" signature="checkTestSkip()[pri:0, instance:com.suiteQuestions.TestCase_SearchQuestionsByName@1c3627d1]" name="checkTestSkip" is-config="true" duration-ms="0" started-at="2015-08-19T15:59:24Z" finished-at="2015-08-19T15:59:24Z">
          <reporter-output>
          </reporter-output>
        </test-method> <!-- checkTestSkip -->
        <test-method status="SKIP" signature="verifySearchQuestionsByNameTest()[pri:0, instance:com.suiteQuestions.TestCase_SearchQuestionsByName@1c3627d1]" name="verifySearchQuestionsByNameTest" duration-ms="1" started-at="2015-08-19T15:59:24Z" finished-at="2015-08-19T15:59:24Z">
          <reporter-output>
          </reporter-output>
        </test-method> <!-- verifySearchQuestionsByNameTest -->
        <test-method status="SKIP" signature="DefaultResult(org.testng.ITestResult)[pri:0, instance:com.suiteQuestions.TestCase_SearchQuestionsByName@1c3627d1]" name="DefaultResult" is-config="true" duration-ms="0" started-at="2015-08-19T15:59:24Z" finished-at="2015-08-19T15:59:24Z">
          <reporter-output>
          </reporter-output>
        </test-method> <!-- DefaultResult -->
      </class> <!-- com.suiteQuestions.TestCase_SearchQuestionsByName -->
    </test> <!-- Verify Search By Name Test Case -->
    <test name="Verify SelectAnyFolder Test Case" duration-ms="0" started-at="2015-08-19T10:29:24Z" finished-at="2015-08-19T10:29:24Z">
      <class name="com.suiteQuestions.TestCase_SelectAnyFolder">
        <test-method status="SKIP" signature="checkTestSkip()[pri:0, instance:com.suiteQuestions.TestCase_SelectAnyFolder@63049cf]" name="checkTestSkip" is-config="true" duration-ms="0" started-at="2015-08-19T15:59:24Z" finished-at="2015-08-19T15:59:24Z">
          <reporter-output>
          </reporter-output>
        </test-method> <!-- checkTestSkip -->
        <test-method status="SKIP" signature="verifySelectionOfQSFolderTest()[pri:0, instance:com.suiteQuestions.TestCase_SelectAnyFolder@63049cf]" name="verifySelectionOfQSFolderTest" duration-ms="0" started-at="2015-08-19T15:59:24Z" finished-at="2015-08-19T15:59:24Z">
          <reporter-output>
          </reporter-output>
        </test-method> <!-- verifySelectionOfQSFolderTest -->
        <test-method status="SKIP" signature="DefaultResult(org.testng.ITestResult)[pri:0, instance:com.suiteQuestions.TestCase_SelectAnyFolder@63049cf]" name="DefaultResult" is-config="true" duration-ms="0" started-at="2015-08-19T15:59:24Z" finished-at="2015-08-19T15:59:24Z">
          <reporter-output>
          </reporter-output>
        </test-method> <!-- DefaultResult -->
      </class> <!-- com.suiteQuestions.TestCase_SelectAnyFolder -->
    </test> <!-- Verify SelectAnyFolder Test Case -->
    <test name="Verify Bulk Approve Test Case" duration-ms="0" started-at="2015-08-19T10:29:24Z" finished-at="2015-08-19T10:29:24Z">
      <class name="com.suiteQuestions.TestCase_CreateBulkApproveQuestions">
        <test-method status="SKIP" signature="verifyCreateBulkApproveQuestionsTest()[pri:0, instance:com.suiteQuestions.TestCase_CreateBulkApproveQuestions@4d04a0e8]" name="verifyCreateBulkApproveQuestionsTest" duration-ms="0" started-at="2015-08-19T15:59:24Z" finished-at="2015-08-19T15:59:24Z">
          <reporter-output>
          </reporter-output>
        </test-method> <!-- verifyCreateBulkApproveQuestionsTest -->
        <test-method status="SKIP" signature="checkTestSkip()[pri:0, instance:com.suiteQuestions.TestCase_CreateBulkApproveQuestions@4d04a0e8]" name="checkTestSkip" is-config="true" duration-ms="0" started-at="2015-08-19T15:59:24Z" finished-at="2015-08-19T15:59:24Z">
          <reporter-output>
          </reporter-output>
        </test-method> <!-- checkTestSkip -->
        <test-method status="SKIP" signature="DefaultResult(org.testng.ITestResult)[pri:0, instance:com.suiteQuestions.TestCase_CreateBulkApproveQuestions@4d04a0e8]" name="DefaultResult" is-config="true" duration-ms="0" started-at="2015-08-19T15:59:24Z" finished-at="2015-08-19T15:59:24Z">
          <reporter-output>
          </reporter-output>
        </test-method> <!-- DefaultResult -->
      </class> <!-- com.suiteQuestions.TestCase_CreateBulkApproveQuestions -->
    </test> <!-- Verify Bulk Approve Test Case -->
    <test name="Verify Delete Questions in Folder Test Case" duration-ms="1" started-at="2015-08-19T10:29:24Z" finished-at="2015-08-19T10:29:24Z">
      <class name="com.suiteQuestions.TestCase_DeleteQSInFolder">
        <test-method status="SKIP" signature="checkTestSkip()[pri:0, instance:com.suiteQuestions.TestCase_DeleteQSInFolder@2550036c]" name="checkTestSkip" is-config="true" duration-ms="0" started-at="2015-08-19T15:59:24Z" finished-at="2015-08-19T15:59:24Z">
          <reporter-output>
          </reporter-output>
        </test-method> <!-- checkTestSkip -->
        <test-method status="SKIP" signature="verifyDeleteQSInFolderTest()[pri:0, instance:com.suiteQuestions.TestCase_DeleteQSInFolder@2550036c]" name="verifyDeleteQSInFolderTest" duration-ms="0" started-at="2015-08-19T15:59:24Z" finished-at="2015-08-19T15:59:24Z">
          <reporter-output>
          </reporter-output>
        </test-method> <!-- verifyDeleteQSInFolderTest -->
        <test-method status="SKIP" signature="DefaultResult(org.testng.ITestResult)[pri:0, instance:com.suiteQuestions.TestCase_DeleteQSInFolder@2550036c]" name="DefaultResult" is-config="true" duration-ms="0" started-at="2015-08-19T15:59:24Z" finished-at="2015-08-19T15:59:24Z">
          <reporter-output>
          </reporter-output>
        </test-method> <!-- DefaultResult -->
      </class> <!-- com.suiteQuestions.TestCase_DeleteQSInFolder -->
    </test> <!-- Verify Delete Questions in Folder Test Case -->
    <test name="Verify Import RTF format Test Case" duration-ms="1" started-at="2015-08-19T10:29:24Z" finished-at="2015-08-19T10:29:24Z">
      <class name="com.suiteQuestions.TestCase_ImportQuestionsRFTFormat">
        <test-method status="SKIP" signature="verifyImportQuestionsRFTFormatTest()[pri:0, instance:com.suiteQuestions.TestCase_ImportQuestionsRFTFormat@78462a0c]" name="verifyImportQuestionsRFTFormatTest" duration-ms="0" started-at="2015-08-19T15:59:24Z" finished-at="2015-08-19T15:59:24Z">
          <reporter-output>
          </reporter-output>
        </test-method> <!-- verifyImportQuestionsRFTFormatTest -->
        <test-method status="SKIP" signature="checkTestSkip()[pri:0, instance:com.suiteQuestions.TestCase_ImportQuestionsRFTFormat@78462a0c]" name="checkTestSkip" is-config="true" duration-ms="0" started-at="2015-08-19T15:59:24Z" finished-at="2015-08-19T15:59:24Z">
          <reporter-output>
          </reporter-output>
        </test-method> <!-- checkTestSkip -->
        <test-method status="SKIP" signature="DefaultResult(org.testng.ITestResult)[pri:0, instance:com.suiteQuestions.TestCase_ImportQuestionsRFTFormat@78462a0c]" name="DefaultResult" is-config="true" duration-ms="0" started-at="2015-08-19T15:59:24Z" finished-at="2015-08-19T15:59:24Z">
          <reporter-output>
          </reporter-output>
        </test-method> <!-- DefaultResult -->
      </class> <!-- com.suiteQuestions.TestCase_ImportQuestionsRFTFormat -->
    </test> <!-- Verify Import RTF format Test Case -->
    <test name="Verify Import Tab Seperated format Test Case" duration-ms="0" started-at="2015-08-19T10:29:24Z" finished-at="2015-08-19T10:29:24Z">
      <class name="com.suiteQuestions.TestCase_ImportQuestionsTabSeperated">
        <test-method status="SKIP" signature="DefaultResult(org.testng.ITestResult)[pri:0, instance:com.suiteQuestions.TestCase_ImportQuestionsTabSeperated@66aa50f]" name="DefaultResult" is-config="true" duration-ms="0" started-at="2015-08-19T15:59:24Z" finished-at="2015-08-19T15:59:24Z">
          <reporter-output>
          </reporter-output>
        </test-method> <!-- DefaultResult -->
        <test-method status="SKIP" signature="checkTestSkip()[pri:0, instance:com.suiteQuestions.TestCase_ImportQuestionsTabSeperated@66aa50f]" name="checkTestSkip" is-config="true" duration-ms="0" started-at="2015-08-19T15:59:24Z" finished-at="2015-08-19T15:59:24Z">
          <reporter-output>
          </reporter-output>
        </test-method> <!-- checkTestSkip -->
        <test-method status="SKIP" signature="verifyImportQuestionsTabSeperatedTest()[pri:0, instance:com.suiteQuestions.TestCase_ImportQuestionsTabSeperated@66aa50f]" name="verifyImportQuestionsTabSeperatedTest" duration-ms="0" started-at="2015-08-19T15:59:24Z" finished-at="2015-08-19T15:59:24Z">
          <reporter-output>
          </reporter-output>
        </test-method> <!-- verifyImportQuestionsTabSeperatedTest -->
      </class> <!-- com.suiteQuestions.TestCase_ImportQuestionsTabSeperated -->
    </test> <!-- Verify Import Tab Seperated format Test Case -->
    <test name="Verify Question used by Exam should not be deleted" duration-ms="1" started-at="2015-08-19T10:29:24Z" finished-at="2015-08-19T10:29:24Z">
      <class name="com.suiteQuestions.TestCase_DeleteQSUsedByExam">
        <test-method status="SKIP" signature="checkTestSkip()[pri:0, instance:com.suiteQuestions.TestCase_DeleteQSUsedByExam@2521ddb8]" name="checkTestSkip" is-config="true" duration-ms="0" started-at="2015-08-19T15:59:24Z" finished-at="2015-08-19T15:59:24Z">
          <reporter-output>
          </reporter-output>
        </test-method> <!-- checkTestSkip -->
        <test-method status="SKIP" signature="DefaultResult(org.testng.ITestResult)[pri:0, instance:com.suiteQuestions.TestCase_DeleteQSUsedByExam@2521ddb8]" name="DefaultResult" is-config="true" duration-ms="0" started-at="2015-08-19T15:59:24Z" finished-at="2015-08-19T15:59:24Z">
          <reporter-output>
[...]
          <reporter-output>
          </reporter-output>
        </test-method> <!-- checkSuiteSkip -->
      </class> <!-- com.SuiteCommon.TestSuiteBase -->
    </test> <!-- Check Training Video -->
  </suite> <!-- Common Test Cases -->
  <suite name="Rubrics Test Cases" duration-ms="43" started-at="2015-08-19T10:29:25Z" finished-at="2015-08-19T10:29:25Z">
    <groups>
    </groups>
    <test name="Check Runmode of Suite" duration-ms="0" started-at="2015-08-19T10:29:25Z" finished-at="2015-08-19T10:29:25Z">
    </test> <!-- Check Runmode of Suite -->
    <test name="Create New Rubrics Folder" duration-ms="1" started-at="2015-08-19T10:29:25Z" finished-at="2015-08-19T10:29:25Z">
      <class name="com.suiteRubrics.TestCase_CreateNewRubricsFolder">
        <test-method status="SKIP" signature="VerifyCreateNewRubricsFolder()[pri:0, instance:com.suiteRubrics.TestCase_CreateNewRubricsFolder@7c75b5b9]" name="VerifyCreateNewRubricsFolder" duration-ms="0" started-at="2015-08-19T15:59:25Z" finished-at="2015-08-19T15:59:25Z">
          <reporter-output>
          </reporter-output>
        </test-method> <!-- VerifyCreateNewRubricsFolder -->
        <test-method status="SKIP" signature="DefaultResult(org.testng.ITestResult)[pri:0, instance:com.suiteRubrics.TestCase_CreateNewRubricsFolder@7c75b5b9]" name="DefaultResult" is-config="true" duration-ms="0" started-at="2015-08-19T15:59:25Z" finished-at="2015-08-19T15:59:25Z">
          <reporter-output>
          </reporter-output>
        </test-method> <!-- DefaultResult -->
        <test-method status="SKIP" signature="checkTestSkip()[pri:0, instance:com.suiteRubrics.TestCase_CreateNewRubricsFolder@7c75b5b9]" name="checkTestSkip" is-config="true" duration-ms="0" started-at="2015-08-19T15:59:25Z" finished-at="2015-08-19T15:59:25Z">
          <reporter-output>
          </reporter-output>
        </test-method> <!-- checkTestSkip -->
      </class> <!-- com.suiteRubrics.TestCase_CreateNewRubricsFolder -->
    </test> <!-- Create New Rubrics Folder -->
    <test name="Create Points Based Rubric" duration-ms="1" started-at="2015-08-19T10:29:25Z" finished-at="2015-08-19T10:29:25Z">
      <class name="com.suiteRubrics.TestCase_CreatePointBasedRubric">
        <test-method status="SKIP" signature="checkTestSkip()[pri:0, instance:com.suiteRubrics.TestCase_CreatePointBasedRubric@3695de1a]" name="checkTestSkip" is-config="true" duration-ms="0" started-at="2015-08-19T15:59:25Z" finished-at="2015-08-19T15:59:25Z">
          <reporter-output>
          </reporter-output>
        </test-method> <!-- checkTestSkip -->
        <test-method status="SKIP" signature="VerifyCreatePointBasedRubric()[pri:0, instance:com.suiteRubrics.TestCase_CreatePointBasedRubric@3695de1a]" name="VerifyCreatePointBasedRubric" duration-ms="0" started-at="2015-08-19T15:59:25Z" finished-at="2015-08-19T15:59:25Z">
          <reporter-output>
          </reporter-output>
        </test-method> <!-- VerifyCreatePointBasedRubric -->
        <test-method status="SKIP" signature="DefaultResult(org.testng.ITestResult)[pri:0, instance:com.suiteRubrics.TestCase_CreatePointBasedRubric@3695de1a]" name="DefaultResult" is-config="true" duration-ms="0" started-at="2015-08-19T15:59:25Z" finished-at="2015-08-19T15:59:25Z">
          <reporter-output>
          </reporter-output>
        </test-method> <!-- DefaultResult -->
      </class> <!-- com.suiteRubrics.TestCase_CreatePointBasedRubric -->
    </test> <!-- Create Points Based Rubric -->
    <test name="Create Scale Based Rubric" duration-ms="1" started-at="2015-08-19T10:29:25Z" finished-at="2015-08-19T10:29:25Z">
      <class name="com.suiteRubrics.TestCase_CreateScaleBasedRubric">
        <test-method status="SKIP" signature="checkTestSkip()[pri:0, instance:com.suiteRubrics.TestCase_CreateScaleBasedRubric@24b9371e]" name="checkTestSkip" is-config="true" duration-ms="0" started-at="2015-08-19T15:59:25Z" finished-at="2015-08-19T15:59:25Z">
          <reporter-output>
          </reporter-output>
        </test-method> <!-- checkTestSkip -->
        <test-method status="SKIP" signature="VerifyCreateScaleBasedRubric()[pri:0, instance:com.suiteRubrics.TestCase_CreateScaleBasedRubric@24b9371e]" name="VerifyCreateScaleBasedRubric" duration-ms="1" started-at="2015-08-19T15:59:25Z" finished-at="2015-08-19T15:59:25Z">
          <reporter-output>
          </reporter-output>
        </test-method> <!-- VerifyCreateScaleBasedRubric -->
        <test-method status="SKIP" signature="DefaultResult(org.testng.ITestResult)[pri:0, instance:com.suiteRubrics.TestCase_CreateScaleBasedRubric@24b9371e]" name="DefaultResult" is-config="true" duration-ms="0" started-at="2015-08-19T15:59:25Z" finished-at="2015-08-19T15:59:25Z">
          <reporter-output>
          </reporter-output>
        </test-method> <!-- DefaultResult -->
      </class> <!-- com.suiteRubrics.TestCase_CreateScaleBasedRubric -->
    </test> <!-- Create Scale Based Rubric -->
    <test name="Save As Rubric Template" duration-ms="1" started-at="2015-08-19T10:29:25Z" finished-at="2015-08-19T10:29:25Z">
      <class name="com.suiteRubrics.TestCase_SaveAsRubricTemplate">
        <test-method status="SKIP" signature="VerifySaveAsRubricTemplate()[pri:0, instance:com.suiteRubrics.TestCase_SaveAsRubricTemplate@2296c1d]" name="VerifySaveAsRubricTemplate" duration-ms="0" started-at="2015-08-19T15:59:25Z" finished-at="2015-08-19T15:59:25Z">
          <reporter-output>
          </reporter-output>
        </test-method> <!-- VerifySaveAsRubricTemplate -->
        <test-method status="SKIP" signature="checkTestSkip()[pri:0, instance:com.suiteRubrics.TestCase_SaveAsRubricTemplate@2296c1d]" name="checkTestSkip" is-config="true" duration-ms="0" started-at="2015-08-19T15:59:25Z" finished-at="2015-08-19T15:59:25Z">
          <reporter-output>
          </reporter-output>
        </test-method> <!-- checkTestSkip -->
        <test-method status="SKIP" signature="DefaultResult(org.testng.ITestResult)[pri:0, instance:com.suiteRubrics.TestCase_SaveAsRubricTemplate@2296c1d]" name="DefaultResult" is-config="true" duration-ms="0" started-at="2015-08-19T15:59:25Z" finished-at="2015-08-19T15:59:25Z">
          <reporter-output>
          </reporter-output>
        </test-method> <!-- DefaultResult -->
      </class> <!-- com.suiteRubrics.TestCase_SaveAsRubricTemplate -->
    </test> <!-- Save As Rubric Template -->
    <test name="Save Rubric As A Template" duration-ms="0" started-at="2015-08-19T10:29:25Z" finished-at="2015-08-19T10:29:25Z">
      <class name="com.suiteRubrics.TestCase_SaveTemplateAsRubric">
        <test-method status="SKIP" signature="VerifySaveTemplateAsRubric()[pri:0, instance:com.suiteRubrics.TestCase_SaveTemplateAsRubric@17965791]" name="VerifySaveTemplateAsRubric" duration-ms="0" started-at="2015-08-19T15:59:25Z" finished-at="2015-08-19T15:59:25Z">
          <reporter-output>
          </reporter-output>
        </test-method> <!-- VerifySaveTemplateAsRubric -->
        <test-method status="SKIP" signature="checkTestSkip()[pri:0, instance:com.suiteRubrics.TestCase_SaveTemplateAsRubric@17965791]" name="checkTestSkip" is-config="true" duration-ms="0" started-at="2015-08-19T15:59:25Z" finished-at="2015-08-19T15:59:25Z">
          <reporter-output>
          </reporter-output>
        </test-method> <!-- checkTestSkip -->
        <test-method status="SKIP" signature="DefaultResult(org.testng.ITestResult)[pri:0, instance:com.suiteRubrics.TestCase_SaveTemplateAsRubric@17965791]" name="DefaultResult" is-config="true" duration-ms="0" started-at="2015-08-19T15:59:25Z" finished-at="2015-08-19T15:59:25Z">
          <reporter-output>
          </reporter-output>
        </test-method> <!-- DefaultResult -->
      </class> <!-- com.suiteRubrics.TestCase_SaveTemplateAsRubric -->
    </test> <!-- Save Rubric As A Template -->
    <test name="Add Rubric Dimension and Level" duration-ms="1" started-at="2015-08-19T10:29:25Z" finished-at="2015-08-19T10:29:25Z">
      <class name="com.suiteRubrics.TestCase_AddDimensionAndLevel">
        <test-method status="SKIP" signature="checkTestSkip()[pri:0, instance:com.suiteRubrics.TestCase_AddDimensionAndLevel@685d62a4]" name="checkTestSkip" is-config="true" duration-ms="0" started-at="2015-08-19T15:59:25Z" finished-at="2015-08-19T15:59:25Z">
          <reporter-output>
          </reporter-output>
        </test-method> <!-- checkTestSkip -->
        <test-method status="SKIP" signature="DefaultResult(org.testng.ITestResult)[pri:0, instance:com.suiteRubrics.TestCase_AddDimensionAndLevel@685d62a4]" name="DefaultResult" is-config="true" duration-ms="0" started-at="2015-08-19T15:59:25Z" finished-at="2015-08-19T15:59:25Z">
          <reporter-output>
          </reporter-output>
        </test-method> <!-- DefaultResult -->
        <test-method status="SKIP" signature="VerifyAddDimensionAndLevel()[pri:0, instance:com.suiteRubrics.TestCase_AddDimensionAndLevel@685d62a4]" name="VerifyAddDimensionAndLevel" duration-ms="0" started-at="2015-08-19T15:59:25Z" finished-at="2015-08-19T15:59:25Z">
          <reporter-output>
          </reporter-output>
        </test-method> <!-- VerifyAddDimensionAndLevel -->
      </class> <!-- com.suiteRubrics.TestCase_AddDimensionAndLevel -->
    </test> <!-- Add Rubric Dimension and Level -->
    <test name="Delete Rubric Dimension and Level" duration-ms="1" started-at="2015-08-19T10:29:25Z" finished-at="2015-08-19T10:29:25Z">
      <class name="com.suiteRubrics.TestCase_DeleteDimensionAndLevel">
        <test-method status="SKIP" signature="checkTestSkip()[pri:0, instance:com.suiteRubrics.TestCase_DeleteDimensionAndLevel@259f1b1d]" name="checkTestSkip" is-config="true" duration-ms="0" started-at="2015-08-19T15:59:25Z" finished-at="2015-08-19T15:59:25Z">
          <reporter-output>
          </reporter-output>
        </test-method> <!-- checkTestSkip -->
        <test-method status="SKIP" signature="VerifyDeleteDimensionAndLevel()[pri:0, instance:com.suiteRubrics.TestCase_DeleteDimensionAndLevel@259f1b1d]" name="VerifyDeleteDimensionAndLevel" duration-ms="1" started-at="2015-08-19T15:59:25Z" finished-at="2015-08-19T15:59:25Z">
          <reporter-output>
          </reporter-output>
        </test-method> <!-- VerifyDeleteDimensionAndLevel -->
        <test-method status="SKIP" signature="DefaultResult(org.testng.ITestResult)[pri:0, instance:com.suiteRubrics.TestCase_DeleteDimensionAndLevel@259f1b1d]" name="DefaultResult" is-config="true" duration-ms="0" started-at="2015-08-19T15:59:25Z" finished-at="2015-08-19T15:59:25Z">
          <reporter-output>
          </reporter-output>
        </test-method> <!-- DefaultResult -->
      </class> <!-- com.suiteRubrics.TestCase_DeleteDimensionAndLevel -->
    </test> <!-- Delete Rubric Dimension and Level -->
    <test name="Edit Rubric" duration-ms="0" started-at="2015-08-19T10:29:25Z" finished-at="2015-08-19T10:29:25Z">
      <class name="com.suiteRubrics.TestCase_EditRubric">
        <test-method status="SKIP" signature="DefaultResult(org.testng.ITestResult)[pri:0, instance:com.suiteRubrics.TestCase_EditRubric@369f0df0]" name="DefaultResult" is-config="true" duration-ms="0" started-at="2015-08-19T15:59:25Z" finished-at="2015-08-19T15:59:25Z">
          <reporter-output>
          </reporter-output>
        </test-method> <!-- DefaultResult -->
        <test-method status="SKIP" signature="VerifyEditRubric()[pri:0, instance:com.suiteRubrics.TestCase_EditRubric@369f0df0]" name="VerifyEditRubric" duration-ms="0" started-at="2015-08-19T15:59:25Z" finished-at="2015-08-19T15:59:25Z">
          <reporter-output>
          </reporter-output>
        </test-method> <!-- VerifyEditRubric -->
        <test-method status="SKIP" signature="checkTestSkip()[pri:0, instance:com.suiteRubrics.TestCase_EditRubric@369f0df0]" name="checkTestSkip" is-config="true" duration-ms="0" started-at="2015-08-19T15:59:25Z" finished-at="2015-08-19T15:59:25Z">
          <reporter-output>
          </reporter-output>
        </test-method> <!-- checkTestSkip -->
      </class> <!-- com.suiteRubrics.TestCase_EditRubric -->
    </test> <!-- Edit Rubric -->
    <test name="Delete A Rubric" duration-ms="1" started-at="2015-08-19T10:29:25Z" finished-at="2015-08-19T10:29:25Z">
      <class name="com.suiteRubrics.TestCase_DeleteRubric">
        <test-method status="SKIP" signature="DefaultResult(org.testng.ITestResult)[pri:0, instance:com.suiteRubrics.TestCase_DeleteRubric@3830b652]" name="DefaultResult" is-config="true" duration-ms="0" started-at="2015-08-19T15:59:25Z" finished-at="2015-08-19T15:59:25Z">
          <reporter-output>
          </reporter-output>
        </test-method> <!-- DefaultResult -->
        <test-method status="SKIP" signature="checkTestSkip()[pri:0, instance:com.suiteRubrics.TestCase_DeleteRubric@3830b652]" name="checkTestSkip" is-config="true" duration-ms="0" started-at="2015-08-19T15:59:25Z" finished-at="2015-08-19T15:59:25Z">
          <reporter-output>
          </reporter-output>
        </test-method> <!-- checkTestSkip -->
        <test-method status="SKIP" signature="VerifyDeleteRubric()[pri:0, instance:com.suiteRubrics.TestCase_DeleteRubric@3830b652]" name="VerifyDeleteRubric" duration-ms="0" started-at="2015-08-19T15:59:25Z" finished-at="2015-08-19T15:59:25Z">
          <reporter-output>
          </reporter-output>
        </test-method> <!-- VerifyDeleteRubric -->
      </class> <!-- com.suiteRubrics.TestCase_DeleteRubric -->
    </test> <!-- Delete A Rubric -->
    <test name="Share Rubric Folder" duration-ms="0" started-at="2015-08-19T10:29:25Z" finished-at="2015-08-19T10:29:25Z">
      <class name="com.suiteRubrics.TestCase_ShareRubricsFolder">
        <test-method status="SKIP" signature="checkTestSkip()[pri:0, instance:com.suiteRubrics.TestCase_ShareRubricsFolder@6c7a0a57]" name="checkTestSkip" is-config="true" duration-ms="0" started-at="2015-08-19T15:59:25Z" finished-at="2015-08-19T15:59:25Z">
          <reporter-output>
          </reporter-output>
        </test-method> <!-- checkTestSkip -->
        <test-method status="SKIP" signature="verifyShareRubricsFolderTest()[pri:0, instance:com.suiteRubrics.TestCase_ShareRubricsFolder@6c7a0a57]" name="verifyShareRubricsFolderTest" duration-ms="0" started-at="2015-08-19T15:59:25Z" finished-at="2015-08-19T15:59:25Z">
          <reporter-output>
          </reporter-output>
        </test-method> <!-- verifyShareRubricsFolderTest -->
        <test-method status="SKIP" signature="DefaultResult(org.testng.ITestResult)[pri:0, instance:com.suiteRubrics.TestCase_ShareRubricsFolder@6c7a0a57]" name="DefaultResult" is-config="true" duration-ms="0" started-at="2015-08-19T15:59:25Z" finished-at="2015-08-19T15:59:25Z">
          <reporter-output>
          </reporter-output>
        </test-method> <!-- DefaultResult -->
      </class> <!-- com.suiteRubrics.TestCase_ShareRubricsFolder -->
    </test> <!-- Share Rubric Folder -->
    <test name="Edit Rubric Folder" duration-ms="1" started-at="2015-08-19T10:29:25Z" finished-at="2015-08-19T10:29:25Z">
      <class name="com.suiteRubrics.TestCase_EditRubricsFolder">
        <test-method status="SKIP" signature="checkTestSkip()[pri:0, instance:com.suiteRubrics.TestCase_EditRubricsFolder@7b8269b6]" name="checkTestSkip" is-config="true" duration-ms="0" started-at="2015-08-19T15:59:25Z" finished-at="2015-08-19T15:59:25Z">
          <reporter-output>
          </reporter-output>
        </test-method> <!-- checkTestSkip -->
        <test-method status="SKIP" signature="VerifyEditRubricsFolder()[pri:0, instance:com.suiteRubrics.TestCase_EditRubricsFolder@7b8269b6]" name="VerifyEditRubricsFolder" duration-ms="1" started-at="2015-08-19T15:59:25Z" finished-at="2015-08-19T15:59:25Z">
          <reporter-output>
          </reporter-output>
        </test-method> <!-- VerifyEditRubricsFolder -->
        <test-method status="SKIP" signature="DefaultResult(org.testng.ITestResult)[pri:0, instance:com.suiteRubrics.TestCase_EditRubricsFolder@7b8269b6]" name="DefaultResult" is-config="true" duration-ms="0" started-at="2015-08-19T15:59:25Z" finished-at="2015-08-19T15:59:25Z">
          <reporter-output>
          </reporter-output>
        </test-method> <!-- DefaultResult -->
      </class> <!-- com.suiteRubrics.TestCase_EditRubricsFolder -->
    </test> <!-- Edit Rubric Folder -->
    <test name="Delete Rubric Folder" duration-ms="1" started-at="2015-08-19T10:29:25Z" finished-at="2015-08-19T10:29:25Z">
      <class name="com.suiteRubrics.TestSuiteBase">
        <test-method status="SKIP" signature="checkSuiteSkip()[pri:0, instance:com.suiteRubrics.TestSuiteBase@38938070]" name="checkSuiteSkip" is-config="true" duration-ms="0" started-at="2015-08-19T15:59:25Z" finished-at="2015-08-19T15:59:25Z">
          <exception class="org.testng.SkipException">
            <message>
              <![CDATA[Runmode of 'RubricsSuite' is set to 'NO', hence skipping all tests in Suite!]]>
            </message>
            <full-stacktrace>
              <![CDATA[org.testng.SkipException: Runmode of 'RubricsSuite' is set to 'NO', hence skipping all tests in Suite!
	at Util.TestUtil.checkSuiteSkip(TestUtil.java:137)
	at com.suiteRubrics.TestSuiteBase.checkSuiteSkip(TestSuiteBase.java:11)
	at sun.reflect.NativeMethodAccessorImpl.invoke0(Native Method)
	at sun.reflect.NativeMethodAccessorImpl.invoke(Unknown Source)
	at sun.reflect.DelegatingMethodAccessorImpl.invoke(Unknown Source)
	at java.lang.reflect.Method.invoke(Unknown Source)
	at org.testng.internal.MethodInvocationHelper.invokeMethod(MethodInvocationHelper.java:84)
	at org.testng.internal.Invoker.invokeConfigurationMethod(Invoker.java:564)
	at org.testng.internal.Invoker.invokeConfigurations(Invoker.java:213)
	at org.testng.internal.Invoker.invokeConfigurations(Invoker.java:138)
	at org.testng.SuiteRunner.privateRun(SuiteRunner.java:277)
	at org.testng.SuiteRunner.run(SuiteRunner.java:240)
	at org.testng.SuiteRunnerWorker.runSuite(SuiteRunnerWorker.java:52)
	at org.testng.SuiteRunnerWorker.run(SuiteRunnerWorker.java:86)
	at org.testng.TestNG.runSuitesSequentially(TestNG.java:1224)
	at org.testng.TestNG.runSuitesSequentially(TestNG.java:1220)
	at org.testng.TestNG.runSuitesLocally(TestNG.java:1149)
	at org.testng.TestNG.run(TestNG.java:1057)
	at org.testng.TestNG.privateMain(TestNG.java:1364)
	at org.testng.TestNG.main(TestNG.java:1333)
]]>
            </full-stacktrace>
          </exception> <!-- org.testng.SkipException -->
          <reporter-output>
          </reporter-output>
        </test-method> <!-- checkSuiteSkip -->
      </class> <!-- com.suiteRubrics.TestSuiteBase -->
      <class name="com.suiteRubrics.TestCase_DeleteRubricFolder">
        <test-method status="SKIP" signature="VerifyDeleteRubricFolder()[pri:0, instance:com.suiteRubrics.TestCase_DeleteRubricFolder@67099f71]" name="VerifyDeleteRubricFolder" duration-ms="0" started-at="2015-08-19T15:59:25Z" finished-at="2015-08-19T15:59:25Z">
          <reporter-output>
          </reporter-output>
        </test-method> <!-- VerifyDeleteRubricFolder -->
        <test-method status="SKIP" signature="DefaultResult(org.testng.ITestResult)[pri:0, instance:com.suiteRubrics.TestCase_DeleteRubricFolder@67099f71]" name="DefaultResult" is-config="true" duration-ms="0" started-at="2015-08-19T15:59:25Z" finished-at="2015-08-19T15:59:25Z">
          <reporter-output>
          </reporter-output>
        </test-method> <!-- DefaultResult -->
        <test-method status="SKIP" signature="checkTestSkip()[pri:0, instance:com.suiteRubrics.TestCase_DeleteRubricFolder@67099f71]" name="checkTestSkip" is-config="true" duration-ms="0" started-at="2015-08-19T15:59:25Z" finished-at="2015-08-19T15:59:25Z">
          <reporter-output>
          </reporter-output>
        </test-method> <!-- checkTestSkip -->
      </class> <!-- com.suiteRubrics.TestCase_DeleteRubricFolder -->
    </test> <!-- Delete Rubric Folder -->
  </suite> <!-- Rubrics Test Cases -->
</testng-results>
