<?xml version="1.0" encoding="UTF-8"?>
<!-- Generated by org.testng.reporters.JUnitXMLReporter -->
<testsuite hostname="ULTP_284" name="CategoryReports" tests="1" failures="0" timestamp="19 Aug 2015 10:29:25 GMT" time="0.0" errors="0">
  <testcase name="@BeforeSuite checkSuiteSkip" time="0.0" classname="com.SuiteReports.TestCase_CheckCategoryReports">
    <skipped/>
  </testcase> <!-- @BeforeSuite checkSuiteSkip -->
  <testcase name="@BeforeTest checkTestSkip" time="0.0" classname="com.SuiteReports.TestCase_CheckCategoryReports">
    <skipped/>
  </testcase> <!-- @BeforeTest checkTestSkip -->
  <testcase name="@AfterMethod DefaultResutl" time="0.0" classname="com.SuiteReports.TestCase_CheckCategoryReports">
    <skipped/>
  </testcase> <!-- @AfterMethod DefaultResutl -->
  <testcase name="CheckCategoryReports" time="0.0" classname="com.SuiteReports.TestCase_CheckCategoryReports">
    <skipped/>
  </testcase> <!-- CheckCategoryReports -->
</testsuite> <!-- CategoryReports -->
