<?xml version="1.0" encoding="UTF-8"?>
<!-- Generated by org.testng.reporters.JUnitXMLReporter -->
<testsuite hostname="ULTP_284" name="CheckSummaryReports" tests="1" failures="0" timestamp="19 Aug 2015 10:29:25 GMT" time="0.001" errors="0">
  <testcase name="@BeforeTest checkTestSkip" time="0.0" classname="com.SuiteReports.TestCase_CheckSummaryReport">
    <skipped/>
  </testcase> <!-- @BeforeTest checkTestSkip -->
  <testcase name="@AfterMethod DefaultResutl" time="0.0" classname="com.SuiteReports.TestCase_CheckSummaryReport">
    <skipped/>
  </testcase> <!-- @AfterMethod DefaultResutl -->
  <testcase name="CheckSummaryReports" time="0.0" classname="com.SuiteReports.TestCase_CheckSummaryReport">
    <skipped/>
  </testcase> <!-- CheckSummaryReports -->
</testsuite> <!-- CheckSummaryReports -->
